{"/home/runner/workspace/client/src/components/ui/aspect-ratio.tsx": {"path":"/home/runner/workspace/client/src/components/ui/aspect-ratio.tsx","statementMap":{"0":{"start":{"line":3,"column":20},"end":{"line":3,"column":45}}},"fnMap":{},"branchMap":{},"s":{"0":0},"f":{},"b":{}}
,"/home/runner/workspace/client/src/components/ui/collapsible.tsx": {"path":"/home/runner/workspace/client/src/components/ui/collapsible.tsx","statementMap":{"0":{"start":{"line":5,"column":20},"end":{"line":5,"column":45}},"1":{"start":{"line":7,"column":27},"end":{"line":7,"column":66}},"2":{"start":{"line":9,"column":27},"end":{"line":9,"column":66}}},"fnMap":{},"branchMap":{},"s":{"0":0,"1":0,"2":0},"f":{},"b":{}}
,"/home/runner/workspace/client/src/hooks/use-mobile.tsx": {"path":"/home/runner/workspace/client/src/hooks/use-mobile.tsx","statementMap":{"0":{"start":{"line":3,"column":26},"end":{"line":3,"column":29}},"1":{"start":{"line":6,"column":34},"end":{"line":6,"column":80}},"2":{"start":{"line":8,"column":2},"end":{"line":16,"column":null}},"3":{"start":{"line":9,"column":16},"end":{"line":9,"column":76}},"4":{"start":{"line":10,"column":21},"end":{"line":12,"column":5}},"5":{"start":{"line":11,"column":6},"end":{"line":11,"column":null}},"6":{"start":{"line":13,"column":4},"end":{"line":13,"column":null}},"7":{"start":{"line":14,"column":4},"end":{"line":14,"column":null}},"8":{"start":{"line":15,"column":4},"end":{"line":15,"column":null}},"9":{"start":{"line":15,"column":17},"end":{"line":15,"column":60}},"10":{"start":{"line":18,"column":2},"end":{"line":18,"column":null}}},"fnMap":{"0":{"name":"useIsMobile","decl":{"start":{"line":5,"column":16},"end":{"line":5,"column":27}},"loc":{"start":{"line":5,"column":27},"end":{"line":19,"column":1}}},"1":{"name":"(anonymous_1)","decl":{"start":{"line":8,"column":18},"end":{"line":8,"column":21}},"loc":{"start":{"line":8,"column":23},"end":{"line":16,"column":3}}},"2":{"name":"(anonymous_2)","decl":{"start":{"line":10,"column":21},"end":{"line":10,"column":24}},"loc":{"start":{"line":10,"column":26},"end":{"line":12,"column":5}}},"3":{"name":"(anonymous_3)","decl":{"start":{"line":15,"column":11},"end":{"line":15,"column":14}},"loc":{"start":{"line":15,"column":17},"end":{"line":15,"column":60}}}},"branchMap":{},"s":{"0":0,"1":0,"2":0,"3":0,"4":0,"5":0,"6":0,"7":0,"8":0,"9":0,"10":0},"f":{"0":0,"1":0,"2":0,"3":0},"b":{}}
,"/home/runner/workspace/client/src/hooks/use-toast.ts": {"path":"/home/runner/workspace/client/src/hooks/use-toast.ts","statementMap":{"0":{"start":{"line":8,"column":20},"end":{"line":8,"column":21}},"1":{"start":{"line":9,"column":27},"end":{"line":9,"column":34}},"2":{"start":{"line":18,"column":20},"end":{"line":23,"column":null}},"3":{"start":{"line":25,"column":12},"end":{"line":25,"column":13}},"4":{"start":{"line":28,"column":2},"end":{"line":28,"column":null}},"5":{"start":{"line":29,"column":2},"end":{"line":29,"column":null}},"6":{"start":{"line":56,"column":22},"end":{"line":56,"column":70}},"7":{"start":{"line":58,"column":25},"end":{"line":72,"column":1}},"8":{"start":{"line":59,"column":2},"end":{"line":61,"column":3}},"9":{"start":{"line":60,"column":4},"end":{"line":60,"column":10}},"10":{"start":{"line":63,"column":18},"end":{"line":69,"column":24}},"11":{"start":{"line":64,"column":4},"end":{"line":64,"column":null}},"12":{"start":{"line":65,"column":4},"end":{"line":68,"column":null}},"13":{"start":{"line":71,"column":2},"end":{"line":71,"column":null}},"14":{"start":{"line":74,"column":23},"end":{"line":127,"column":1}},"15":{"start":{"line":75,"column":2},"end":{"line":126,"column":3}},"16":{"start":{"line":77,"column":6},"end":{"line":79,"column":null}},"17":{"start":{"line":83,"column":6},"end":{"line":87,"column":null}},"18":{"start":{"line":86,"column":10},"end":{"line":86,"column":66}},"19":{"start":{"line":91,"column":26},"end":{"line":91,"column":32}},"20":{"start":{"line":95,"column":6},"end":{"line":101,"column":7}},"21":{"start":{"line":96,"column":8},"end":{"line":96,"column":null}},"22":{"start":{"line":98,"column":8},"end":{"line":100,"column":null}},"23":{"start":{"line":99,"column":10},"end":{"line":99,"column":null}},"24":{"start":{"line":103,"column":6},"end":{"line":112,"column":null}},"25":{"start":{"line":106,"column":10},"end":{"line":111,"column":15}},"26":{"start":{"line":116,"column":6},"end":{"line":121,"column":7}},"27":{"start":{"line":117,"column":8},"end":{"line":119,"column":null}},"28":{"start":{"line":122,"column":6},"end":{"line":124,"column":null}},"29":{"start":{"line":124,"column":43},"end":{"line":124,"column":66}},"30":{"start":{"line":129,"column":49},"end":{"line":129,"column":51}},"31":{"start":{"line":131,"column":25},"end":{"line":131,"column":39}},"32":{"start":{"line":134,"column":2},"end":{"line":134,"column":null}},"33":{"start":{"line":135,"column":2},"end":{"line":137,"column":null}},"34":{"start":{"line":136,"column":4},"end":{"line":136,"column":null}},"35":{"start":{"line":142,"column":25},"end":{"line":142,"column":34}},"36":{"start":{"line":143,"column":13},"end":{"line":143,"column":20}},"37":{"start":{"line":145,"column":17},"end":{"line":149,"column":6}},"38":{"start":{"line":146,"column":4},"end":{"line":149,"column":6}},"39":{"start":{"line":150,"column":18},"end":{"line":150,"column":72}},"40":{"start":{"line":150,"column":24},"end":{"line":150,"column":72}},"41":{"start":{"line":152,"column":2},"end":{"line":162,"column":null}},"42":{"start":{"line":159,"column":8},"end":{"line":159,"column":null}},"43":{"start":{"line":159,"column":19},"end":{"line":159,"column":null}},"44":{"start":{"line":164,"column":2},"end":{"line":168,"column":null}},"45":{"start":{"line":172,"column":28},"end":{"line":172,"column":62}},"46":{"start":{"line":174,"column":2},"end":{"line":182,"column":null}},"47":{"start":{"line":175,"column":4},"end":{"line":175,"column":null}},"48":{"start":{"line":176,"column":4},"end":{"line":181,"column":null}},"49":{"start":{"line":177,"column":20},"end":{"line":177,"column":47}},"50":{"start":{"line":178,"column":6},"end":{"line":180,"column":7}},"51":{"start":{"line":179,"column":8},"end":{"line":179,"column":null}},"52":{"start":{"line":184,"column":2},"end":{"line":187,"column":null}},"53":{"start":{"line":187,"column":35},"end":{"line":187,"column":79}}},"fnMap":{"0":{"name":"genId","decl":{"start":{"line":27,"column":9},"end":{"line":27,"column":14}},"loc":{"start":{"line":27,"column":14},"end":{"line":30,"column":1}}},"1":{"name":"(anonymous_2)","decl":{"start":{"line":58,"column":25},"end":{"line":58,"column":26}},"loc":{"start":{"line":58,"column":45},"end":{"line":72,"column":1}}},"2":{"name":"(anonymous_3)","decl":{"start":{"line":63,"column":29},"end":{"line":63,"column":32}},"loc":{"start":{"line":63,"column":34},"end":{"line":69,"column":3}}},"3":{"name":"(anonymous_4)","decl":{"start":{"line":74,"column":23},"end":{"line":74,"column":24}},"loc":{"start":{"line":74,"column":63},"end":{"line":127,"column":1}}},"4":{"name":"(anonymous_5)","decl":{"start":{"line":85,"column":33},"end":{"line":85,"column":34}},"loc":{"start":{"line":86,"column":10},"end":{"line":86,"column":66}}},"5":{"name":"(anonymous_6)","decl":{"start":{"line":98,"column":29},"end":{"line":98,"column":30}},"loc":{"start":{"line":98,"column":39},"end":{"line":100,"column":9}}},"6":{"name":"(anonymous_7)","decl":{"start":{"line":105,"column":33},"end":{"line":105,"column":34}},"loc":{"start":{"line":106,"column":10},"end":{"line":111,"column":15}}},"7":{"name":"(anonymous_8)","decl":{"start":{"line":124,"column":36},"end":{"line":124,"column":37}},"loc":{"start":{"line":124,"column":43},"end":{"line":124,"column":66}}},"8":{"name":"dispatch","decl":{"start":{"line":133,"column":9},"end":{"line":133,"column":17}},"loc":{"start":{"line":133,"column":32},"end":{"line":138,"column":1}}},"9":{"name":"(anonymous_10)","decl":{"start":{"line":135,"column":20},"end":{"line":135,"column":21}},"loc":{"start":{"line":135,"column":33},"end":{"line":137,"column":3}}},"10":{"name":"toast","decl":{"start":{"line":142,"column":9},"end":{"line":142,"column":14}},"loc":{"start":{"line":142,"column":34},"end":{"line":169,"column":1}}},"11":{"name":"(anonymous_12)","decl":{"start":{"line":145,"column":17},"end":{"line":145,"column":18}},"loc":{"start":{"line":146,"column":4},"end":{"line":149,"column":6}}},"12":{"name":"(anonymous_13)","decl":{"start":{"line":150,"column":18},"end":{"line":150,"column":21}},"loc":{"start":{"line":150,"column":24},"end":{"line":150,"column":72}}},"13":{"name":"(anonymous_14)","decl":{"start":{"line":158,"column":20},"end":{"line":158,"column":21}},"loc":{"start":{"line":158,"column":29},"end":{"line":160,"column":7}}},"14":{"name":"useToast","decl":{"start":{"line":171,"column":9},"end":{"line":171,"column":17}},"loc":{"start":{"line":171,"column":17},"end":{"line":189,"column":1}}},"15":{"name":"(anonymous_16)","decl":{"start":{"line":174,"column":18},"end":{"line":174,"column":21}},"loc":{"start":{"line":174,"column":23},"end":{"line":182,"column":3}}},"16":{"name":"(anonymous_17)","decl":{"start":{"line":176,"column":11},"end":{"line":176,"column":14}},"loc":{"start":{"line":176,"column":16},"end":{"line":181,"column":5}}},"17":{"name":"(anonymous_18)","decl":{"start":{"line":187,"column":13},"end":{"line":187,"column":14}},"loc":{"start":{"line":187,"column":35},"end":{"line":187,"column":79}}}},"branchMap":{"0":{"loc":{"start":{"line":59,"column":2},"end":{"line":61,"column":3}},"type":"if","locations":[{"start":{"line":59,"column":2},"end":{"line":61,"column":3}},{"start":{},"end":{}}]},"1":{"loc":{"start":{"line":75,"column":2},"end":{"line":126,"column":3}},"type":"switch","locations":[{"start":{"line":76,"column":4},"end":{"line":79,"column":null}},{"start":{"line":82,"column":4},"end":{"line":87,"column":null}},{"start":{"line":90,"column":4},"end":{"line":114,"column":5}},{"start":{"line":115,"column":4},"end":{"line":124,"column":null}}]},"2":{"loc":{"start":{"line":86,"column":10},"end":{"line":86,"column":66}},"type":"cond-expr","locations":[{"start":{"line":86,"column":36},"end":{"line":86,"column":63}},{"start":{"line":86,"column":65},"end":{"line":86,"column":66}}]},"3":{"loc":{"start":{"line":95,"column":6},"end":{"line":101,"column":7}},"type":"if","locations":[{"start":{"line":95,"column":6},"end":{"line":101,"column":7}},{"start":{"line":97,"column":13},"end":{"line":101,"column":7}}]},"4":{"loc":{"start":{"line":106,"column":10},"end":{"line":111,"column":15}},"type":"cond-expr","locations":[{"start":{"line":107,"column":13},"end":{"line":109,"column":null}},{"start":{"line":111,"column":14},"end":{"line":111,"column":15}}]},"5":{"loc":{"start":{"line":106,"column":10},"end":{"line":106,"column":51}},"type":"binary-expr","locations":[{"start":{"line":106,"column":10},"end":{"line":106,"column":26}},{"start":{"line":106,"column":30},"end":{"line":106,"column":51}}]},"6":{"loc":{"start":{"line":116,"column":6},"end":{"line":121,"column":7}},"type":"if","locations":[{"start":{"line":116,"column":6},"end":{"line":121,"column":7}},{"start":{},"end":{}}]},"7":{"loc":{"start":{"line":159,"column":8},"end":{"line":159,"column":null}},"type":"if","locations":[{"start":{"line":159,"column":8},"end":{"line":159,"column":null}},{"start":{},"end":{}}]},"8":{"loc":{"start":{"line":178,"column":6},"end":{"line":180,"column":7}},"type":"if","locations":[{"start":{"line":178,"column":6},"end":{"line":180,"column":7}},{"start":{},"end":{}}]}},"s":{"0":0,"1":0,"2":0,"3":0,"4":0,"5":0,"6":0,"7":0,"8":0,"9":0,"10":0,"11":0,"12":0,"13":0,"14":0,"15":0,"16":0,"17":0,"18":0,"19":0,"20":0,"21":0,"22":0,"23":0,"24":0,"25":0,"26":0,"27":0,"28":0,"29":0,"30":0,"31":0,"32":0,"33":0,"34":0,"35":0,"36":0,"37":0,"38":0,"39":0,"40":0,"41":0,"42":0,"43":0,"44":0,"45":0,"46":0,"47":0,"48":0,"49":0,"50":0,"51":0,"52":0,"53":0},"f":{"0":0,"1":0,"2":0,"3":0,"4":0,"5":0,"6":0,"7":0,"8":0,"9":0,"10":0,"11":0,"12":0,"13":0,"14":0,"15":0,"16":0,"17":0},"b":{"0":[0,0],"1":[0,0,0,0],"2":[0,0],"3":[0,0],"4":[0,0],"5":[0,0],"6":[0,0],"7":[0,0],"8":[0,0]}}
,"/home/runner/workspace/client/src/hooks/useAuth.ts": {"path":"/home/runner/workspace/client/src/hooks/useAuth.ts","statementMap":{"0":{"start":{"line":5,"column":43},"end":{"line":22,"column":4}},"1":{"start":{"line":11,"column":24},"end":{"line":21,"column":null}},"2":{"start":{"line":12,"column":23},"end":{"line":12,"column":52}},"3":{"start":{"line":13,"column":6},"end":{"line":16,"column":7}},"4":{"start":{"line":15,"column":8},"end":{"line":15,"column":20}},"5":{"start":{"line":17,"column":6},"end":{"line":19,"column":7}},"6":{"start":{"line":18,"column":8},"end":{"line":18,"column":66}},"7":{"start":{"line":20,"column":6},"end":{"line":20,"column":29}},"8":{"start":{"line":24,"column":2},"end":{"line":29,"column":4}}},"fnMap":{"0":{"name":"useAuth","decl":{"start":{"line":4,"column":16},"end":{"line":4,"column":23}},"loc":{"start":{"line":4,"column":23},"end":{"line":30,"column":1}}},"1":{"name":"(anonymous_8)","decl":{"start":{"line":11,"column":13},"end":{"line":11,"column":22}},"loc":{"start":{"line":11,"column":24},"end":{"line":21,"column":null}}},"2":{"name":"(anonymous_9)","decl":{"start":{"line":11,"column":24},"end":{"line":11,"column":null}},"loc":{"start":{"line":11,"column":24},"end":{"line":21,"column":5}}}},"branchMap":{"0":{"loc":{"start":{"line":13,"column":6},"end":{"line":16,"column":7}},"type":"if","locations":[{"start":{"line":13,"column":6},"end":{"line":16,"column":7}},{"start":{},"end":{}}]},"1":{"loc":{"start":{"line":17,"column":6},"end":{"line":19,"column":7}},"type":"if","locations":[{"start":{"line":17,"column":6},"end":{"line":19,"column":7}},{"start":{},"end":{}}]}},"s":{"0":0,"1":0,"2":0,"3":0,"4":0,"5":0,"6":0,"7":0,"8":0},"f":{"0":0,"1":0,"2":0},"b":{"0":[0,0],"1":[0,0]}}
,"/home/runner/workspace/client/src/hooks/useConfig.ts": {"path":"/home/runner/workspace/client/src/hooks/useConfig.ts","statementMap":{"0":{"start":{"line":11,"column":30},"end":{"line":11,"column":59}},"1":{"start":{"line":12,"column":32},"end":{"line":12,"column":46}},"2":{"start":{"line":13,"column":28},"end":{"line":13,"column":57}},"3":{"start":{"line":15,"column":2},"end":{"line":32,"column":9}},"4":{"start":{"line":16,"column":23},"end":{"line":29,"column":6}},"5":{"start":{"line":16,"column":34},"end":{"line":29,"column":6}},"6":{"start":{"line":17,"column":6},"end":{"line":28,"column":7}},"7":{"start":{"line":18,"column":8},"end":{"line":18,"column":25}},"8":{"start":{"line":19,"column":8},"end":{"line":19,"column":23}},"9":{"start":{"line":21,"column":21},"end":{"line":21,"column":59}},"10":{"start":{"line":22,"column":8},"end":{"line":22,"column":24}},"11":{"start":{"line":24,"column":8},"end":{"line":24,"column":60}},"12":{"start":{"line":25,"column":8},"end":{"line":25,"column":61}},"13":{"start":{"line":27,"column":8},"end":{"line":27,"column":26}},"14":{"start":{"line":31,"column":4},"end":{"line":31,"column":17}},"15":{"start":{"line":34,"column":2},"end":{"line":34,"column":36}}},"fnMap":{"0":{"name":"useConfig","decl":{"start":{"line":10,"column":16},"end":{"line":10,"column":25}},"loc":{"start":{"line":10,"column":25},"end":{"line":35,"column":1}}},"1":{"name":"(anonymous_8)","decl":{"start":{"line":15,"column":12},"end":{"line":15,"column":15}},"loc":{"start":{"line":15,"column":17},"end":{"line":32,"column":3}}},"2":{"name":"(anonymous_9)","decl":{"start":{"line":16,"column":23},"end":{"line":16,"column":32}},"loc":{"start":{"line":16,"column":34},"end":{"line":29,"column":6}}},"3":{"name":"(anonymous_10)","decl":{"start":{"line":16,"column":34},"end":{"line":16,"column":null}},"loc":{"start":{"line":16,"column":34},"end":{"line":29,"column":5}}}},"branchMap":{},"s":{"0":0,"1":0,"2":0,"3":0,"4":0,"5":0,"6":0,"7":0,"8":0,"9":0,"10":0,"11":0,"12":0,"13":0,"14":0,"15":0},"f":{"0":0,"1":0,"2":0,"3":0},"b":{}}
,"/home/runner/workspace/client/src/hooks/useRealtimeTracking.ts": {"path":"/home/runner/workspace/client/src/hooks/useRealtimeTracking.ts","statementMap":{"0":{"start":{"line":23,"column":36},"end":{"line":23,"column":45}},"1":{"start":{"line":24,"column":16},"end":{"line":24,"column":46}},"2":{"start":{"line":25,"column":40},"end":{"line":25,"column":55}},"3":{"start":{"line":26,"column":50},"end":{"line":26,"column":137}},"4":{"start":{"line":27,"column":28},"end":{"line":27,"column":57}},"5":{"start":{"line":28,"column":50},"end":{"line":28,"column":82}},"6":{"start":{"line":29,"column":72},"end":{"line":29,"column":87}},"7":{"start":{"line":30,"column":30},"end":{"line":30,"column":65}},"8":{"start":{"line":31,"column":31},"end":{"line":31,"column":66}},"9":{"start":{"line":33,"column":80},"end":{"line":33,"column":87}},"10":{"start":{"line":35,"column":18},"end":{"line":127,"column":46}},"11":{"start":{"line":36,"column":4},"end":{"line":39,"column":5}},"12":{"start":{"line":37,"column":6},"end":{"line":37,"column":41}},"13":{"start":{"line":38,"column":6},"end":{"line":38,"column":13}},"14":{"start":{"line":41,"column":4},"end":{"line":43,"column":5}},"15":{"start":{"line":42,"column":6},"end":{"line":42,"column":13}},"16":{"start":{"line":45,"column":4},"end":{"line":126,"column":5}},"17":{"start":{"line":46,"column":6},"end":{"line":46,"column":40}},"18":{"start":{"line":47,"column":6},"end":{"line":47,"column":21}},"19":{"start":{"line":49,"column":23},"end":{"line":49,"column":77}},"20":{"start":{"line":51,"column":20},"end":{"line":51,"column":95}},"21":{"start":{"line":52,"column":19},"end":{"line":52,"column":66}},"22":{"start":{"line":53,"column":20},"end":{"line":53,"column":45}},"23":{"start":{"line":55,"column":6},"end":{"line":57,"column":7}},"24":{"start":{"line":56,"column":8},"end":{"line":56,"column":55}},"25":{"start":{"line":59,"column":17},"end":{"line":59,"column":37}},"26":{"start":{"line":60,"column":6},"end":{"line":60,"column":25}},"27":{"start":{"line":62,"column":6},"end":{"line":82,"column":8}},"28":{"start":{"line":63,"column":8},"end":{"line":65,"column":9}},"29":{"start":{"line":64,"column":10},"end":{"line":64,"column":45}},"30":{"start":{"line":66,"column":8},"end":{"line":66,"column":29}},"31":{"start":{"line":67,"column":8},"end":{"line":67,"column":41}},"32":{"start":{"line":70,"column":8},"end":{"line":74,"column":12}},"33":{"start":{"line":77,"column":8},"end":{"line":81,"column":18}},"34":{"start":{"line":78,"column":10},"end":{"line":80,"column":11}},"35":{"start":{"line":79,"column":12},"end":{"line":79,"column":54}},"36":{"start":{"line":84,"column":6},"end":{"line":91,"column":8}},"37":{"start":{"line":85,"column":8},"end":{"line":90,"column":9}},"38":{"start":{"line":86,"column":43},"end":{"line":86,"column":65}},"39":{"start":{"line":87,"column":10},"end":{"line":87,"column":33}},"40":{"start":{"line":89,"column":10},"end":{"line":89,"column":67}},"41":{"start":{"line":93,"column":6},"end":{"line":115,"column":8}},"42":{"start":{"line":94,"column":8},"end":{"line":96,"column":9}},"43":{"start":{"line":95,"column":10},"end":{"line":95,"column":75}},"44":{"start":{"line":97,"column":8},"end":{"line":97,"column":30}},"45":{"start":{"line":98,"column":8},"end":{"line":98,"column":44}},"46":{"start":{"line":99,"column":8},"end":{"line":99,"column":39}},"47":{"start":{"line":100,"column":8},"end":{"line":100,"column":46}},"48":{"start":{"line":102,"column":8},"end":{"line":105,"column":9}},"49":{"start":{"line":103,"column":10},"end":{"line":103,"column":54}},"50":{"start":{"line":104,"column":10},"end":{"line":104,"column":46}},"51":{"start":{"line":108,"column":8},"end":{"line":114,"column":9}},"52":{"start":{"line":109,"column":10},"end":{"line":113,"column":19}},"53":{"start":{"line":110,"column":12},"end":{"line":112,"column":13}},"54":{"start":{"line":111,"column":14},"end":{"line":111,"column":24}},"55":{"start":{"line":117,"column":6},"end":{"line":120,"column":8}},"56":{"start":{"line":118,"column":8},"end":{"line":118,"column":49}},"57":{"start":{"line":119,"column":8},"end":{"line":119,"column":46}},"58":{"start":{"line":123,"column":6},"end":{"line":123,"column":59}},"59":{"start":{"line":124,"column":6},"end":{"line":124,"column":49}},"60":{"start":{"line":125,"column":6},"end":{"line":125,"column":42}},"61":{"start":{"line":129,"column":21},"end":{"line":149,"column":8}},"62":{"start":{"line":130,"column":4},"end":{"line":133,"column":5}},"63":{"start":{"line":131,"column":6},"end":{"line":131,"column":48}},"64":{"start":{"line":132,"column":6},"end":{"line":132,"column":41}},"65":{"start":{"line":135,"column":4},"end":{"line":138,"column":5}},"66":{"start":{"line":136,"column":6},"end":{"line":136,"column":50}},"67":{"start":{"line":137,"column":6},"end":{"line":137,"column":42}},"68":{"start":{"line":140,"column":4},"end":{"line":143,"column":5}},"69":{"start":{"line":141,"column":6},"end":{"line":141,"column":53}},"70":{"start":{"line":142,"column":6},"end":{"line":142,"column":27}},"71":{"start":{"line":145,"column":4},"end":{"line":145,"column":26}},"72":{"start":{"line":146,"column":4},"end":{"line":146,"column":40}},"73":{"start":{"line":147,"column":4},"end":{"line":147,"column":35}},"74":{"start":{"line":148,"column":4},"end":{"line":148,"column":42}},"75":{"start":{"line":151,"column":24},"end":{"line":214,"column":53}},"76":{"start":{"line":152,"column":18},"end":{"line":152,"column":93}},"77":{"start":{"line":153,"column":4},"end":{"line":213,"column":5}},"78":{"start":{"line":155,"column":8},"end":{"line":157,"column":9}},"79":{"start":{"line":156,"column":10},"end":{"line":156,"column":71}},"80":{"start":{"line":158,"column":8},"end":{"line":158,"column":14}},"81":{"start":{"line":161,"column":8},"end":{"line":163,"column":9}},"82":{"start":{"line":162,"column":10},"end":{"line":162,"column":77}},"83":{"start":{"line":164,"column":8},"end":{"line":164,"column":45}},"84":{"start":{"line":165,"column":8},"end":{"line":165,"column":23}},"85":{"start":{"line":166,"column":8},"end":{"line":166,"column":14}},"86":{"start":{"line":169,"column":8},"end":{"line":171,"column":9}},"87":{"start":{"line":170,"column":10},"end":{"line":170,"column":63}},"88":{"start":{"line":172,"column":8},"end":{"line":174,"column":9}},"89":{"start":{"line":173,"column":10},"end":{"line":173,"column":75}},"90":{"start":{"line":173,"column":38},"end":{"line":173,"column":73}},"91":{"start":{"line":175,"column":8},"end":{"line":175,"column":14}},"92":{"start":{"line":178,"column":8},"end":{"line":180,"column":9}},"93":{"start":{"line":179,"column":10},"end":{"line":179,"column":53}},"94":{"start":{"line":181,"column":8},"end":{"line":181,"column":45}},"95":{"start":{"line":182,"column":8},"end":{"line":182,"column":14}},"96":{"start":{"line":185,"column":8},"end":{"line":187,"column":9}},"97":{"start":{"line":186,"column":10},"end":{"line":186,"column":62}},"98":{"start":{"line":188,"column":8},"end":{"line":188,"column":38}},"99":{"start":{"line":189,"column":8},"end":{"line":189,"column":14}},"100":{"start":{"line":192,"column":8},"end":{"line":194,"column":9}},"101":{"start":{"line":193,"column":10},"end":{"line":193,"column":57}},"102":{"start":{"line":195,"column":8},"end":{"line":195,"column":39}},"103":{"start":{"line":196,"column":8},"end":{"line":196,"column":14}},"104":{"start":{"line":199,"column":8},"end":{"line":201,"column":9}},"105":{"start":{"line":200,"column":10},"end":{"line":200,"column":60}},"106":{"start":{"line":202,"column":8},"end":{"line":202,"column":39}},"107":{"start":{"line":203,"column":8},"end":{"line":203,"column":14}},"108":{"start":{"line":207,"column":8},"end":{"line":207,"column":14}},"109":{"start":{"line":210,"column":8},"end":{"line":212,"column":9}},"110":{"start":{"line":211,"column":10},"end":{"line":211,"column":61}},"111":{"start":{"line":216,"column":27},"end":{"line":233,"column":24}},"112":{"start":{"line":217,"column":18},"end":{"line":217,"column":93}},"113":{"start":{"line":218,"column":4},"end":{"line":223,"column":5}},"114":{"start":{"line":219,"column":6},"end":{"line":221,"column":7}},"115":{"start":{"line":220,"column":8},"end":{"line":220,"column":75}},"116":{"start":{"line":222,"column":6},"end":{"line":222,"column":13}},"117":{"start":{"line":225,"column":4},"end":{"line":227,"column":5}},"118":{"start":{"line":226,"column":6},"end":{"line":226,"column":13}},"119":{"start":{"line":229,"column":4},"end":{"line":232,"column":8}},"120":{"start":{"line":235,"column":35},"end":{"line":251,"column":35}},"121":{"start":{"line":236,"column":18},"end":{"line":236,"column":93}},"122":{"start":{"line":237,"column":4},"end":{"line":242,"column":5}},"123":{"start":{"line":238,"column":6},"end":{"line":240,"column":7}},"124":{"start":{"line":239,"column":8},"end":{"line":239,"column":83}},"125":{"start":{"line":241,"column":6},"end":{"line":241,"column":13}},"126":{"start":{"line":244,"column":4},"end":{"line":246,"column":5}},"127":{"start":{"line":245,"column":6},"end":{"line":245,"column":13}},"128":{"start":{"line":248,"column":4},"end":{"line":250,"column":8}},"129":{"start":{"line":254,"column":2},"end":{"line":258,"column":74}},"130":{"start":{"line":255,"column":4},"end":{"line":257,"column":5}},"131":{"start":{"line":256,"column":6},"end":{"line":256,"column":16}},"132":{"start":{"line":261,"column":2},"end":{"line":265,"column":19}},"133":{"start":{"line":262,"column":4},"end":{"line":264,"column":6}},"134":{"start":{"line":263,"column":6},"end":{"line":263,"column":19}},"135":{"start":{"line":267,"column":2},"end":{"line":277,"column":4}}},"fnMap":{"0":{"name":"useRealtimeTracking","decl":{"start":{"line":22,"column":16},"end":{"line":22,"column":35}},"loc":{"start":{"line":22,"column":76},"end":{"line":278,"column":1}}},"1":{"name":"(anonymous_1)","decl":{"start":{"line":35,"column":30},"end":{"line":35,"column":33}},"loc":{"start":{"line":35,"column":35},"end":{"line":127,"column":3}}},"2":{"name":"(anonymous_2)","decl":{"start":{"line":62,"column":18},"end":{"line":62,"column":21}},"loc":{"start":{"line":62,"column":23},"end":{"line":82,"column":7}}},"3":{"name":"(anonymous_3)","decl":{"start":{"line":77,"column":51},"end":{"line":77,"column":54}},"loc":{"start":{"line":77,"column":56},"end":{"line":81,"column":9}}},"4":{"name":"(anonymous_4)","decl":{"start":{"line":84,"column":21},"end":{"line":84,"column":22}},"loc":{"start":{"line":84,"column":31},"end":{"line":91,"column":7}}},"5":{"name":"(anonymous_5)","decl":{"start":{"line":93,"column":19},"end":{"line":93,"column":20}},"loc":{"start":{"line":93,"column":29},"end":{"line":115,"column":7}}},"6":{"name":"(anonymous_6)","decl":{"start":{"line":109,"column":51},"end":{"line":109,"column":54}},"loc":{"start":{"line":109,"column":56},"end":{"line":113,"column":11}}},"7":{"name":"(anonymous_7)","decl":{"start":{"line":117,"column":19},"end":{"line":117,"column":20}},"loc":{"start":{"line":117,"column":29},"end":{"line":120,"column":7}}},"8":{"name":"(anonymous_8)","decl":{"start":{"line":129,"column":33},"end":{"line":129,"column":36}},"loc":{"start":{"line":129,"column":38},"end":{"line":149,"column":3}}},"9":{"name":"(anonymous_9)","decl":{"start":{"line":151,"column":36},"end":{"line":151,"column":37}},"loc":{"start":{"line":151,"column":65},"end":{"line":214,"column":3}}},"10":{"name":"(anonymous_10)","decl":{"start":{"line":173,"column":30},"end":{"line":173,"column":34}},"loc":{"start":{"line":173,"column":38},"end":{"line":173,"column":73}}},"11":{"name":"(anonymous_11)","decl":{"start":{"line":216,"column":39},"end":{"line":216,"column":40}},"loc":{"start":{"line":216,"column":59},"end":{"line":233,"column":3}}},"12":{"name":"(anonymous_12)","decl":{"start":{"line":235,"column":47},"end":{"line":235,"column":50}},"loc":{"start":{"line":235,"column":52},"end":{"line":251,"column":3}}},"13":{"name":"(anonymous_13)","decl":{"start":{"line":254,"column":12},"end":{"line":254,"column":15}},"loc":{"start":{"line":254,"column":17},"end":{"line":258,"column":3}}},"14":{"name":"(anonymous_14)","decl":{"start":{"line":261,"column":12},"end":{"line":261,"column":15}},"loc":{"start":{"line":261,"column":17},"end":{"line":265,"column":3}}},"15":{"name":"(anonymous_15)","decl":{"start":{"line":262,"column":11},"end":{"line":262,"column":14}},"loc":{"start":{"line":262,"column":16},"end":{"line":264,"column":5}}}},"branchMap":{"0":{"loc":{"start":{"line":22,"column":36},"end":{"line":22,"column":76}},"type":"default-arg","locations":[{"start":{"line":22,"column":74},"end":{"line":22,"column":76}}]},"1":{"loc":{"start":{"line":33,"column":10},"end":{"line":33,"column":28}},"type":"default-arg","locations":[{"start":{"line":33,"column":24},"end":{"line":33,"column":28}}]},"2":{"loc":{"start":{"line":36,"column":4},"end":{"line":39,"column":5}},"type":"if","locations":[{"start":{"line":36,"column":4},"end":{"line":39,"column":5}},{"start":{},"end":{}}]},"3":{"loc":{"start":{"line":36,"column":8},"end":{"line":36,"column":39}},"type":"binary-expr","locations":[{"start":{"line":36,"column":8},"end":{"line":36,"column":24}},{"start":{"line":36,"column":28},"end":{"line":36,"column":39}}]},"4":{"loc":{"start":{"line":36,"column":29},"end":{"line":36,"column":37}},"type":"cond-expr","locations":[{"start":{"line":36,"column":33},"end":{"line":36,"column":35}},{"start":{"line":36,"column":29},"end":{"line":36,"column":37}}]},"5":{"loc":{"start":{"line":36,"column":29},"end":{"line":36,"column":35}},"type":"binary-expr","locations":[{"start":{"line":36,"column":29},"end":{"line":36,"column":35}},{"start":{"line":36,"column":29},"end":{"line":36,"column":35}}]},"6":{"loc":{"start":{"line":41,"column":4},"end":{"line":43,"column":5}},"type":"if","locations":[{"start":{"line":41,"column":4},"end":{"line":43,"column":5}},{"start":{},"end":{}}]},"7":{"loc":{"start":{"line":41,"column":8},"end":{"line":41,"column":106}},"type":"binary-expr","locations":[{"start":{"line":41,"column":8},"end":{"line":41,"column":58}},{"start":{"line":41,"column":62},"end":{"line":41,"column":106}}]},"8":{"loc":{"start":{"line":41,"column":8},"end":{"line":41,"column":33}},"type":"cond-expr","locations":[{"start":{"line":41,"column":21},"end":{"line":41,"column":23}},{"start":{"line":41,"column":21},"end":{"line":41,"column":33}}]},"9":{"loc":{"start":{"line":41,"column":8},"end":{"line":41,"column":23}},"type":"binary-expr","locations":[{"start":{"line":41,"column":8},"end":{"line":41,"column":23}},{"start":{"line":41,"column":21},"end":{"line":41,"column":23}}]},"10":{"loc":{"start":{"line":41,"column":62},"end":{"line":41,"column":87}},"type":"cond-expr","locations":[{"start":{"line":41,"column":75},"end":{"line":41,"column":77}},{"start":{"line":41,"column":75},"end":{"line":41,"column":87}}]},"11":{"loc":{"start":{"line":41,"column":62},"end":{"line":41,"column":77}},"type":"binary-expr","locations":[{"start":{"line":41,"column":62},"end":{"line":41,"column":77}},{"start":{"line":41,"column":75},"end":{"line":41,"column":77}}]},"12":{"loc":{"start":{"line":49,"column":23},"end":{"line":49,"column":77}},"type":"cond-expr","locations":[{"start":{"line":49,"column":63},"end":{"line":49,"column":69}},{"start":{"line":49,"column":72},"end":{"line":49,"column":77}}]},"13":{"loc":{"start":{"line":51,"column":20},"end":{"line":51,"column":95}},"type":"binary-expr","locations":[{"start":{"line":51,"column":20},"end":{"line":51,"column":60}},{"start":{"line":51,"column":64},"end":{"line":51,"column":95}}]},"14":{"loc":{"start":{"line":52,"column":19},"end":{"line":52,"column":66}},"type":"cond-expr","locations":[{"start":{"line":52,"column":27},"end":{"line":52,"column":43}},{"start":{"line":52,"column":46},"end":{"line":52,"column":66}}]},"15":{"loc":{"start":{"line":55,"column":6},"end":{"line":57,"column":7}},"type":"if","locations":[{"start":{"line":55,"column":6},"end":{"line":57,"column":7}},{"start":{},"end":{}}]},"16":{"loc":{"start":{"line":63,"column":8},"end":{"line":65,"column":9}},"type":"if","locations":[{"start":{"line":63,"column":8},"end":{"line":65,"column":9}},{"start":{},"end":{}}]},"17":{"loc":{"start":{"line":78,"column":10},"end":{"line":80,"column":11}},"type":"if","locations":[{"start":{"line":78,"column":10},"end":{"line":80,"column":11}},{"start":{},"end":{}}]},"18":{"loc":{"start":{"line":94,"column":8},"end":{"line":96,"column":9}},"type":"if","locations":[{"start":{"line":94,"column":8},"end":{"line":96,"column":9}},{"start":{},"end":{}}]},"19":{"loc":{"start":{"line":102,"column":8},"end":{"line":105,"column":9}},"type":"if","locations":[{"start":{"line":102,"column":8},"end":{"line":105,"column":9}},{"start":{},"end":{}}]},"20":{"loc":{"start":{"line":108,"column":8},"end":{"line":114,"column":9}},"type":"if","locations":[{"start":{"line":108,"column":8},"end":{"line":114,"column":9}},{"start":{},"end":{}}]},"21":{"loc":{"start":{"line":108,"column":12},"end":{"line":108,"column":65}},"type":"binary-expr","locations":[{"start":{"line":108,"column":12},"end":{"line":108,"column":31}},{"start":{"line":108,"column":35},"end":{"line":108,"column":46}},{"start":{"line":108,"column":50},"end":{"line":108,"column":65}}]},"22":{"loc":{"start":{"line":110,"column":12},"end":{"line":112,"column":13}},"type":"if","locations":[{"start":{"line":110,"column":12},"end":{"line":112,"column":13}},{"start":{},"end":{}}]},"23":{"loc":{"start":{"line":127,"column":23},"end":{"line":127,"column":31}},"type":"cond-expr","locations":[{"start":{"line":127,"column":27},"end":{"line":127,"column":29}},{"start":{"line":127,"column":23},"end":{"line":127,"column":31}}]},"24":{"loc":{"start":{"line":127,"column":23},"end":{"line":127,"column":29}},"type":"binary-expr","locations":[{"start":{"line":127,"column":23},"end":{"line":127,"column":29}},{"start":{"line":127,"column":23},"end":{"line":127,"column":29}}]},"25":{"loc":{"start":{"line":130,"column":4},"end":{"line":133,"column":5}},"type":"if","locations":[{"start":{"line":130,"column":4},"end":{"line":133,"column":5}},{"start":{},"end":{}}]},"26":{"loc":{"start":{"line":135,"column":4},"end":{"line":138,"column":5}},"type":"if","locations":[{"start":{"line":135,"column":4},"end":{"line":138,"column":5}},{"start":{},"end":{}}]},"27":{"loc":{"start":{"line":140,"column":4},"end":{"line":143,"column":5}},"type":"if","locations":[{"start":{"line":140,"column":4},"end":{"line":143,"column":5}},{"start":{},"end":{}}]},"28":{"loc":{"start":{"line":152,"column":18},"end":{"line":152,"column":93}},"type":"binary-expr","locations":[{"start":{"line":152,"column":18},"end":{"line":152,"column":58}},{"start":{"line":152,"column":62},"end":{"line":152,"column":93}}]},"29":{"loc":{"start":{"line":153,"column":4},"end":{"line":213,"column":5}},"type":"switch","locations":[{"start":{"line":154,"column":6},"end":{"line":158,"column":14}},{"start":{"line":160,"column":6},"end":{"line":166,"column":14}},{"start":{"line":168,"column":6},"end":{"line":175,"column":14}},{"start":{"line":177,"column":6},"end":{"line":182,"column":14}},{"start":{"line":184,"column":6},"end":{"line":189,"column":14}},{"start":{"line":191,"column":6},"end":{"line":196,"column":14}},{"start":{"line":198,"column":6},"end":{"line":203,"column":14}},{"start":{"line":205,"column":6},"end":{"line":207,"column":14}},{"start":{"line":209,"column":6},"end":{"line":212,"column":9}}]},"30":{"loc":{"start":{"line":155,"column":8},"end":{"line":157,"column":9}},"type":"if","locations":[{"start":{"line":155,"column":8},"end":{"line":157,"column":9}},{"start":{},"end":{}}]},"31":{"loc":{"start":{"line":161,"column":8},"end":{"line":163,"column":9}},"type":"if","locations":[{"start":{"line":161,"column":8},"end":{"line":163,"column":9}},{"start":{},"end":{}}]},"32":{"loc":{"start":{"line":169,"column":8},"end":{"line":171,"column":9}},"type":"if","locations":[{"start":{"line":169,"column":8},"end":{"line":171,"column":9}},{"start":{},"end":{}}]},"33":{"loc":{"start":{"line":172,"column":8},"end":{"line":174,"column":9}},"type":"if","locations":[{"start":{"line":172,"column":8},"end":{"line":174,"column":9}},{"start":{},"end":{}}]},"34":{"loc":{"start":{"line":178,"column":8},"end":{"line":180,"column":9}},"type":"if","locations":[{"start":{"line":178,"column":8},"end":{"line":180,"column":9}},{"start":{},"end":{}}]},"35":{"loc":{"start":{"line":185,"column":8},"end":{"line":187,"column":9}},"type":"if","locations":[{"start":{"line":185,"column":8},"end":{"line":187,"column":9}},{"start":{},"end":{}}]},"36":{"loc":{"start":{"line":188,"column":8},"end":{"line":188,"column":37}},"type":"cond-expr","locations":[{"start":{"line":188,"column":21},"end":{"line":188,"column":24}},{"start":{"line":188,"column":8},"end":{"line":188,"column":37}}]},"37":{"loc":{"start":{"line":188,"column":8},"end":{"line":188,"column":24}},"type":"binary-expr","locations":[{"start":{"line":188,"column":8},"end":{"line":188,"column":24}},{"start":{"line":188,"column":8},"end":{"line":188,"column":24}}]},"38":{"loc":{"start":{"line":192,"column":8},"end":{"line":194,"column":9}},"type":"if","locations":[{"start":{"line":192,"column":8},"end":{"line":194,"column":9}},{"start":{},"end":{}}]},"39":{"loc":{"start":{"line":195,"column":8},"end":{"line":195,"column":38}},"type":"cond-expr","locations":[{"start":{"line":195,"column":22},"end":{"line":195,"column":25}},{"start":{"line":195,"column":8},"end":{"line":195,"column":38}}]},"40":{"loc":{"start":{"line":195,"column":8},"end":{"line":195,"column":25}},"type":"binary-expr","locations":[{"start":{"line":195,"column":8},"end":{"line":195,"column":25}},{"start":{"line":195,"column":8},"end":{"line":195,"column":25}}]},"41":{"loc":{"start":{"line":199,"column":8},"end":{"line":201,"column":9}},"type":"if","locations":[{"start":{"line":199,"column":8},"end":{"line":201,"column":9}},{"start":{},"end":{}}]},"42":{"loc":{"start":{"line":202,"column":8},"end":{"line":202,"column":38}},"type":"cond-expr","locations":[{"start":{"line":202,"column":22},"end":{"line":202,"column":25}},{"start":{"line":202,"column":8},"end":{"line":202,"column":38}}]},"43":{"loc":{"start":{"line":202,"column":8},"end":{"line":202,"column":25}},"type":"binary-expr","locations":[{"start":{"line":202,"column":8},"end":{"line":202,"column":25}},{"start":{"line":202,"column":8},"end":{"line":202,"column":25}}]},"44":{"loc":{"start":{"line":210,"column":8},"end":{"line":212,"column":9}},"type":"if","locations":[{"start":{"line":210,"column":8},"end":{"line":212,"column":9}},{"start":{},"end":{}}]},"45":{"loc":{"start":{"line":217,"column":18},"end":{"line":217,"column":93}},"type":"binary-expr","locations":[{"start":{"line":217,"column":18},"end":{"line":217,"column":58}},{"start":{"line":217,"column":62},"end":{"line":217,"column":93}}]},"46":{"loc":{"start":{"line":218,"column":4},"end":{"line":223,"column":5}},"type":"if","locations":[{"start":{"line":218,"column":4},"end":{"line":223,"column":5}},{"start":{},"end":{}}]},"47":{"loc":{"start":{"line":218,"column":8},"end":{"line":218,"column":69}},"type":"binary-expr","locations":[{"start":{"line":218,"column":8},"end":{"line":218,"column":22}},{"start":{"line":218,"column":26},"end":{"line":218,"column":69}}]},"48":{"loc":{"start":{"line":219,"column":6},"end":{"line":221,"column":7}},"type":"if","locations":[{"start":{"line":219,"column":6},"end":{"line":221,"column":7}},{"start":{},"end":{}}]},"49":{"loc":{"start":{"line":225,"column":4},"end":{"line":227,"column":5}},"type":"if","locations":[{"start":{"line":225,"column":4},"end":{"line":227,"column":5}},{"start":{},"end":{}}]},"50":{"loc":{"start":{"line":236,"column":18},"end":{"line":236,"column":93}},"type":"binary-expr","locations":[{"start":{"line":236,"column":18},"end":{"line":236,"column":58}},{"start":{"line":236,"column":62},"end":{"line":236,"column":93}}]},"51":{"loc":{"start":{"line":237,"column":4},"end":{"line":242,"column":5}},"type":"if","locations":[{"start":{"line":237,"column":4},"end":{"line":242,"column":5}},{"start":{},"end":{}}]},"52":{"loc":{"start":{"line":237,"column":8},"end":{"line":237,"column":69}},"type":"binary-expr","locations":[{"start":{"line":237,"column":8},"end":{"line":237,"column":22}},{"start":{"line":237,"column":26},"end":{"line":237,"column":69}}]},"53":{"loc":{"start":{"line":238,"column":6},"end":{"line":240,"column":7}},"type":"if","locations":[{"start":{"line":238,"column":6},"end":{"line":240,"column":7}},{"start":{},"end":{}}]},"54":{"loc":{"start":{"line":244,"column":4},"end":{"line":246,"column":5}},"type":"if","locations":[{"start":{"line":244,"column":4},"end":{"line":246,"column":5}},{"start":{},"end":{}}]},"55":{"loc":{"start":{"line":255,"column":4},"end":{"line":257,"column":5}},"type":"if","locations":[{"start":{"line":255,"column":4},"end":{"line":257,"column":5}},{"start":{},"end":{}}]},"56":{"loc":{"start":{"line":255,"column":8},"end":{"line":255,"column":89}},"type":"binary-expr","locations":[{"start":{"line":255,"column":8},"end":{"line":255,"column":19}},{"start":{"line":255,"column":23},"end":{"line":255,"column":38}},{"start":{"line":255,"column":42},"end":{"line":255,"column":50}},{"start":{"line":255,"column":54},"end":{"line":255,"column":89}}]},"57":{"loc":{"start":{"line":255,"column":42},"end":{"line":255,"column":50}},"type":"cond-expr","locations":[{"start":{"line":255,"column":46},"end":{"line":255,"column":48}},{"start":{"line":255,"column":42},"end":{"line":255,"column":50}}]},"58":{"loc":{"start":{"line":255,"column":42},"end":{"line":255,"column":48}},"type":"binary-expr","locations":[{"start":{"line":255,"column":42},"end":{"line":255,"column":48}},{"start":{"line":255,"column":42},"end":{"line":255,"column":48}}]},"59":{"loc":{"start":{"line":258,"column":36},"end":{"line":258,"column":44}},"type":"cond-expr","locations":[{"start":{"line":258,"column":40},"end":{"line":258,"column":42}},{"start":{"line":258,"column":36},"end":{"line":258,"column":44}}]},"60":{"loc":{"start":{"line":258,"column":36},"end":{"line":258,"column":42}},"type":"binary-expr","locations":[{"start":{"line":258,"column":36},"end":{"line":258,"column":42}},{"start":{"line":258,"column":36},"end":{"line":258,"column":42}}]}},"s":{"0":0,"1":0,"2":0,"3":0,"4":0,"5":0,"6":0,"7":0,"8":0,"9":0,"10":0,"11":0,"12":0,"13":0,"14":0,"15":0,"16":0,"17":0,"18":0,"19":0,"20":0,"21":0,"22":0,"23":0,"24":0,"25":0,"26":0,"27":0,"28":0,"29":0,"30":0,"31":0,"32":0,"33":0,"34":0,"35":0,"36":0,"37":0,"38":0,"39":0,"40":0,"41":0,"42":0,"43":0,"44":0,"45":0,"46":0,"47":0,"48":0,"49":0,"50":0,"51":0,"52":0,"53":0,"54":0,"55":0,"56":0,"57":0,"58":0,"59":0,"60":0,"61":0,"62":0,"63":0,"64":0,"65":0,"66":0,"67":0,"68":0,"69":0,"70":0,"71":0,"72":0,"73":0,"74":0,"75":0,"76":0,"77":0,"78":0,"79":0,"80":0,"81":0,"82":0,"83":0,"84":0,"85":0,"86":0,"87":0,"88":0,"89":0,"90":0,"91":0,"92":0,"93":0,"94":0,"95":0,"96":0,"97":0,"98":0,"99":0,"100":0,"101":0,"102":0,"103":0,"104":0,"105":0,"106":0,"107":0,"108":0,"109":0,"110":0,"111":0,"112":0,"113":0,"114":0,"115":0,"116":0,"117":0,"118":0,"119":0,"120":0,"121":0,"122":0,"123":0,"124":0,"125":0,"126":0,"127":0,"128":0,"129":0,"130":0,"131":0,"132":0,"133":0,"134":0,"135":0},"f":{"0":0,"1":0,"2":0,"3":0,"4":0,"5":0,"6":0,"7":0,"8":0,"9":0,"10":0,"11":0,"12":0,"13":0,"14":0,"15":0},"b":{"0":[0],"1":[0],"2":[0,0],"3":[0,0],"4":[0,0],"5":[0,0],"6":[0,0],"7":[0,0],"8":[0,0],"9":[0,0],"10":[0,0],"11":[0,0],"12":[0,0],"13":[0,0],"14":[0,0],"15":[0,0],"16":[0,0],"17":[0,0],"18":[0,0],"19":[0,0],"20":[0,0],"21":[0,0,0],"22":[0,0],"23":[0,0],"24":[0,0],"25":[0,0],"26":[0,0],"27":[0,0],"28":[0,0],"29":[0,0,0,0,0,0,0,0,0],"30":[0,0],"31":[0,0],"32":[0,0],"33":[0,0],"34":[0,0],"35":[0,0],"36":[0,0],"37":[0,0],"38":[0,0],"39":[0,0],"40":[0,0],"41":[0,0],"42":[0,0],"43":[0,0],"44":[0,0],"45":[0,0],"46":[0,0],"47":[0,0],"48":[0,0],"49":[0,0],"50":[0,0],"51":[0,0],"52":[0,0],"53":[0,0],"54":[0,0],"55":[0,0],"56":[0,0,0,0],"57":[0,0],"58":[0,0],"59":[0,0],"60":[0,0]}}
,"/home/runner/workspace/client/src/lib/authUtils.ts": {"path":"/home/runner/workspace/client/src/lib/authUtils.ts","statementMap":{"0":{"start":{"line":2,"column":2},"end":{"line":2,"column":52}}},"fnMap":{"0":{"name":"isUnauthorizedError","decl":{"start":{"line":1,"column":16},"end":{"line":1,"column":35}},"loc":{"start":{"line":1,"column":48},"end":{"line":3,"column":1}}}},"branchMap":{},"s":{"0":0},"f":{"0":0},"b":{}}
,"/home/runner/workspace/client/src/lib/cache-utils.ts": {"path":"/home/runner/workspace/client/src/lib/cache-utils.ts","statementMap":{"0":{"start":{"line":22,"column":62},"end":{"line":22,"column":68}},"1":{"start":{"line":25,"column":2},"end":{"line":27,"column":3}},"2":{"start":{"line":26,"column":4},"end":{"line":26,"column":56}},"3":{"start":{"line":30,"column":2},"end":{"line":45,"column":5}},"4":{"start":{"line":31,"column":4},"end":{"line":33,"column":5}},"5":{"start":{"line":32,"column":6},"end":{"line":32,"column":21}},"6":{"start":{"line":35,"column":4},"end":{"line":37,"column":5}},"7":{"start":{"line":36,"column":6},"end":{"line":36,"column":52}},"8":{"start":{"line":40,"column":4},"end":{"line":44,"column":6}},"9":{"start":{"line":41,"column":6},"end":{"line":43,"column":14}},"10":{"start":{"line":48,"column":2},"end":{"line":48,"column":60}},"11":{"start":{"line":49,"column":2},"end":{"line":51,"column":3}},"12":{"start":{"line":50,"column":4},"end":{"line":50,"column":62}},"13":{"start":{"line":61,"column":40},"end":{"line":61,"column":46}},"14":{"start":{"line":63,"column":2},"end":{"line":71,"column":5}},"15":{"start":{"line":64,"column":4},"end":{"line":66,"column":5}},"16":{"start":{"line":65,"column":6},"end":{"line":65,"column":21}},"17":{"start":{"line":68,"column":4},"end":{"line":70,"column":6}},"18":{"start":{"line":69,"column":6},"end":{"line":69,"column":74}},"19":{"start":{"line":73,"column":2},"end":{"line":73,"column":60}},"20":{"start":{"line":84,"column":40},"end":{"line":84,"column":46}},"21":{"start":{"line":86,"column":2},"end":{"line":94,"column":5}},"22":{"start":{"line":87,"column":4},"end":{"line":89,"column":5}},"23":{"start":{"line":88,"column":6},"end":{"line":88,"column":23}},"24":{"start":{"line":91,"column":4},"end":{"line":93,"column":30}},"25":{"start":{"line":96,"column":2},"end":{"line":96,"column":60}},"26":{"start":{"line":107,"column":2},"end":{"line":117,"column":5}},"27":{"start":{"line":108,"column":4},"end":{"line":110,"column":5}},"28":{"start":{"line":109,"column":6},"end":{"line":109,"column":21}},"29":{"start":{"line":112,"column":4},"end":{"line":116,"column":6}},"30":{"start":{"line":113,"column":6},"end":{"line":115,"column":14}},"31":{"start":{"line":119,"column":2},"end":{"line":119,"column":61}},"32":{"start":{"line":130,"column":2},"end":{"line":140,"column":5}},"33":{"start":{"line":131,"column":4},"end":{"line":133,"column":5}},"34":{"start":{"line":132,"column":6},"end":{"line":132,"column":21}},"35":{"start":{"line":135,"column":4},"end":{"line":139,"column":6}},"36":{"start":{"line":136,"column":6},"end":{"line":138,"column":22}},"37":{"start":{"line":142,"column":2},"end":{"line":142,"column":70}},"38":{"start":{"line":154,"column":25},"end":{"line":154,"column":63}},"39":{"start":{"line":156,"column":2},"end":{"line":166,"column":5}},"40":{"start":{"line":157,"column":4},"end":{"line":159,"column":5}},"41":{"start":{"line":158,"column":6},"end":{"line":158,"column":21}},"42":{"start":{"line":161,"column":4},"end":{"line":165,"column":6}},"43":{"start":{"line":162,"column":6},"end":{"line":164,"column":16}},"44":{"start":{"line":168,"column":2},"end":{"line":168,"column":62}},"45":{"start":{"line":175,"column":2},"end":{"line":175,"column":43}}},"fnMap":{"0":{"name":"updateListAndItemCache","decl":{"start":{"line":17,"column":16},"end":{"line":17,"column":38}},"loc":{"start":{"line":20,"column":79},"end":{"line":52,"column":1}}},"1":{"name":"(anonymous_1)","decl":{"start":{"line":30,"column":41},"end":{"line":30,"column":42}},"loc":{"start":{"line":30,"column":58},"end":{"line":45,"column":3}}},"2":{"name":"(anonymous_2)","decl":{"start":{"line":40,"column":23},"end":{"line":40,"column":24}},"loc":{"start":{"line":41,"column":6},"end":{"line":43,"column":14}}},"3":{"name":"removeFromListCache","decl":{"start":{"line":57,"column":16},"end":{"line":57,"column":35}},"loc":{"start":{"line":59,"column":25},"end":{"line":74,"column":1}}},"4":{"name":"(anonymous_4)","decl":{"start":{"line":63,"column":41},"end":{"line":63,"column":42}},"loc":{"start":{"line":63,"column":58},"end":{"line":71,"column":3}}},"5":{"name":"(anonymous_5)","decl":{"start":{"line":68,"column":26},"end":{"line":68,"column":27}},"loc":{"start":{"line":69,"column":6},"end":{"line":69,"column":74}}},"6":{"name":"addToListCache","decl":{"start":{"line":79,"column":16},"end":{"line":79,"column":30}},"loc":{"start":{"line":82,"column":37},"end":{"line":97,"column":1}}},"7":{"name":"(anonymous_7)","decl":{"start":{"line":86,"column":41},"end":{"line":86,"column":42}},"loc":{"start":{"line":86,"column":58},"end":{"line":94,"column":3}}},"8":{"name":"updateCartItemCache","decl":{"start":{"line":102,"column":16},"end":{"line":102,"column":35}},"loc":{"start":{"line":105,"column":18},"end":{"line":120,"column":1}}},"9":{"name":"(anonymous_9)","decl":{"start":{"line":107,"column":42},"end":{"line":107,"column":43}},"loc":{"start":{"line":107,"column":59},"end":{"line":117,"column":3}}},"10":{"name":"(anonymous_10)","decl":{"start":{"line":112,"column":23},"end":{"line":112,"column":24}},"loc":{"start":{"line":113,"column":6},"end":{"line":115,"column":14}}},"11":{"name":"updateNotificationCache","decl":{"start":{"line":125,"column":16},"end":{"line":125,"column":39}},"loc":{"start":{"line":128,"column":24},"end":{"line":143,"column":1}}},"12":{"name":"(anonymous_12)","decl":{"start":{"line":130,"column":51},"end":{"line":130,"column":52}},"loc":{"start":{"line":130,"column":68},"end":{"line":140,"column":3}}},"13":{"name":"(anonymous_13)","decl":{"start":{"line":135,"column":23},"end":{"line":135,"column":24}},"loc":{"start":{"line":136,"column":6},"end":{"line":138,"column":22}}},"14":{"name":"updateReviewCache","decl":{"start":{"line":148,"column":16},"end":{"line":148,"column":33}},"loc":{"start":{"line":152,"column":22},"end":{"line":169,"column":1}}},"15":{"name":"(anonymous_15)","decl":{"start":{"line":156,"column":43},"end":{"line":156,"column":44}},"loc":{"start":{"line":156,"column":60},"end":{"line":166,"column":3}}},"16":{"name":"(anonymous_16)","decl":{"start":{"line":161,"column":23},"end":{"line":161,"column":24}},"loc":{"start":{"line":162,"column":6},"end":{"line":164,"column":16}}},"17":{"name":"updateCachedData","decl":{"start":{"line":174,"column":16},"end":{"line":174,"column":32}},"loc":{"start":{"line":174,"column":85},"end":{"line":176,"column":1}}}},"branchMap":{"0":{"loc":{"start":{"line":25,"column":2},"end":{"line":27,"column":3}},"type":"if","locations":[{"start":{"line":25,"column":2},"end":{"line":27,"column":3}},{"start":{},"end":{}}]},"1":{"loc":{"start":{"line":25,"column":6},"end":{"line":25,"column":33}},"type":"binary-expr","locations":[{"start":{"line":25,"column":6},"end":{"line":25,"column":18}},{"start":{"line":25,"column":22},"end":{"line":25,"column":33}}]},"2":{"loc":{"start":{"line":31,"column":4},"end":{"line":33,"column":5}},"type":"if","locations":[{"start":{"line":31,"column":4},"end":{"line":33,"column":5}},{"start":{},"end":{}}]},"3":{"loc":{"start":{"line":31,"column":8},"end":{"line":31,"column":54}},"type":"binary-expr","locations":[{"start":{"line":31,"column":8},"end":{"line":31,"column":16}},{"start":{"line":31,"column":20},"end":{"line":31,"column":43}},{"start":{"line":31,"column":47},"end":{"line":31,"column":54}}]},"4":{"loc":{"start":{"line":35,"column":4},"end":{"line":37,"column":5}},"type":"if","locations":[{"start":{"line":35,"column":4},"end":{"line":37,"column":5}},{"start":{},"end":{}}]},"5":{"loc":{"start":{"line":41,"column":6},"end":{"line":43,"column":14}},"type":"cond-expr","locations":[{"start":{"line":42,"column":10},"end":{"line":42,"column":21}},{"start":{"line":43,"column":10},"end":{"line":43,"column":14}}]},"6":{"loc":{"start":{"line":41,"column":19},"end":{"line":41,"column":73}},"type":"cond-expr","locations":[{"start":{"line":41,"column":48},"end":{"line":41,"column":64}},{"start":{"line":41,"column":67},"end":{"line":41,"column":73}}]},"7":{"loc":{"start":{"line":49,"column":2},"end":{"line":51,"column":3}},"type":"if","locations":[{"start":{"line":49,"column":2},"end":{"line":51,"column":3}},{"start":{},"end":{}}]},"8":{"loc":{"start":{"line":64,"column":4},"end":{"line":66,"column":5}},"type":"if","locations":[{"start":{"line":64,"column":4},"end":{"line":66,"column":5}},{"start":{},"end":{}}]},"9":{"loc":{"start":{"line":64,"column":8},"end":{"line":64,"column":43}},"type":"binary-expr","locations":[{"start":{"line":64,"column":8},"end":{"line":64,"column":16}},{"start":{"line":64,"column":20},"end":{"line":64,"column":43}}]},"10":{"loc":{"start":{"line":69,"column":19},"end":{"line":69,"column":73}},"type":"cond-expr","locations":[{"start":{"line":69,"column":48},"end":{"line":69,"column":64}},{"start":{"line":69,"column":67},"end":{"line":69,"column":73}}]},"11":{"loc":{"start":{"line":82,"column":2},"end":{"line":82,"column":37}},"type":"default-arg","locations":[{"start":{"line":82,"column":30},"end":{"line":82,"column":37}}]},"12":{"loc":{"start":{"line":87,"column":4},"end":{"line":89,"column":5}},"type":"if","locations":[{"start":{"line":87,"column":4},"end":{"line":89,"column":5}},{"start":{},"end":{}}]},"13":{"loc":{"start":{"line":87,"column":8},"end":{"line":87,"column":43}},"type":"binary-expr","locations":[{"start":{"line":87,"column":8},"end":{"line":87,"column":16}},{"start":{"line":87,"column":20},"end":{"line":87,"column":43}}]},"14":{"loc":{"start":{"line":91,"column":11},"end":{"line":93,"column":29}},"type":"cond-expr","locations":[{"start":{"line":92,"column":8},"end":{"line":92,"column":29}},{"start":{"line":93,"column":8},"end":{"line":93,"column":29}}]},"15":{"loc":{"start":{"line":108,"column":4},"end":{"line":110,"column":5}},"type":"if","locations":[{"start":{"line":108,"column":4},"end":{"line":110,"column":5}},{"start":{},"end":{}}]},"16":{"loc":{"start":{"line":108,"column":8},"end":{"line":108,"column":43}},"type":"binary-expr","locations":[{"start":{"line":108,"column":8},"end":{"line":108,"column":16}},{"start":{"line":108,"column":20},"end":{"line":108,"column":43}}]},"17":{"loc":{"start":{"line":113,"column":6},"end":{"line":115,"column":14}},"type":"cond-expr","locations":[{"start":{"line":114,"column":9},"end":{"line":114,"column":null}},{"start":{"line":115,"column":10},"end":{"line":115,"column":14}}]},"18":{"loc":{"start":{"line":128,"column":2},"end":{"line":128,"column":24}},"type":"default-arg","locations":[{"start":{"line":128,"column":20},"end":{"line":128,"column":24}}]},"19":{"loc":{"start":{"line":131,"column":4},"end":{"line":133,"column":5}},"type":"if","locations":[{"start":{"line":131,"column":4},"end":{"line":133,"column":5}},{"start":{},"end":{}}]},"20":{"loc":{"start":{"line":131,"column":8},"end":{"line":131,"column":43}},"type":"binary-expr","locations":[{"start":{"line":131,"column":8},"end":{"line":131,"column":16}},{"start":{"line":131,"column":20},"end":{"line":131,"column":43}}]},"21":{"loc":{"start":{"line":136,"column":6},"end":{"line":138,"column":22}},"type":"cond-expr","locations":[{"start":{"line":137,"column":9},"end":{"line":137,"column":null}},{"start":{"line":138,"column":10},"end":{"line":138,"column":22}}]},"22":{"loc":{"start":{"line":157,"column":4},"end":{"line":159,"column":5}},"type":"if","locations":[{"start":{"line":157,"column":4},"end":{"line":159,"column":5}},{"start":{},"end":{}}]},"23":{"loc":{"start":{"line":157,"column":8},"end":{"line":157,"column":43}},"type":"binary-expr","locations":[{"start":{"line":157,"column":8},"end":{"line":157,"column":16}},{"start":{"line":157,"column":20},"end":{"line":157,"column":43}}]},"24":{"loc":{"start":{"line":162,"column":6},"end":{"line":164,"column":16}},"type":"cond-expr","locations":[{"start":{"line":163,"column":9},"end":{"line":163,"column":null}},{"start":{"line":164,"column":10},"end":{"line":164,"column":16}}]}},"s":{"0":0,"1":0,"2":0,"3":0,"4":0,"5":0,"6":0,"7":0,"8":0,"9":0,"10":0,"11":0,"12":0,"13":0,"14":0,"15":0,"16":0,"17":0,"18":0,"19":0,"20":0,"21":0,"22":0,"23":0,"24":0,"25":0,"26":0,"27":0,"28":0,"29":0,"30":0,"31":0,"32":0,"33":0,"34":0,"35":0,"36":0,"37":0,"38":0,"39":0,"40":0,"41":0,"42":0,"43":0,"44":0,"45":0},"f":{"0":0,"1":0,"2":0,"3":0,"4":0,"5":0,"6":0,"7":0,"8":0,"9":0,"10":0,"11":0,"12":0,"13":0,"14":0,"15":0,"16":0,"17":0},"b":{"0":[0,0],"1":[0,0],"2":[0,0],"3":[0,0,0],"4":[0,0],"5":[0,0],"6":[0,0],"7":[0,0],"8":[0,0],"9":[0,0],"10":[0,0],"11":[0],"12":[0,0],"13":[0,0],"14":[0,0],"15":[0,0],"16":[0,0],"17":[0,0],"18":[0],"19":[0,0],"20":[0,0],"21":[0,0],"22":[0,0],"23":[0,0],"24":[0,0]}}
,"/home/runner/workspace/client/src/lib/product-state.ts": {"path":"/home/runner/workspace/client/src/lib/product-state.ts","statementMap":{"0":{"start":{"line":19,"column":29},"end":{"line":34,"column":1}},"1":{"start":{"line":20,"column":2},"end":{"line":33,"column":3}},"2":{"start":{"line":22,"column":6},"end":{"line":22,"column":63}},"3":{"start":{"line":24,"column":6},"end":{"line":24,"column":57}},"4":{"start":{"line":26,"column":6},"end":{"line":26,"column":60}},"5":{"start":{"line":28,"column":6},"end":{"line":28,"column":57}},"6":{"start":{"line":30,"column":6},"end":{"line":30,"column":54}},"7":{"start":{"line":32,"column":6},"end":{"line":32,"column":57}},"8":{"start":{"line":36,"column":29},"end":{"line":51,"column":1}},"9":{"start":{"line":37,"column":2},"end":{"line":50,"column":3}},"10":{"start":{"line":39,"column":6},"end":{"line":39,"column":21}},"11":{"start":{"line":41,"column":6},"end":{"line":41,"column":30}},"12":{"start":{"line":43,"column":6},"end":{"line":43,"column":25}},"13":{"start":{"line":45,"column":6},"end":{"line":45,"column":24}},"14":{"start":{"line":47,"column":6},"end":{"line":47,"column":24}},"15":{"start":{"line":49,"column":6},"end":{"line":49,"column":23}},"16":{"start":{"line":53,"column":27},"end":{"line":68,"column":1}},"17":{"start":{"line":54,"column":2},"end":{"line":67,"column":3}},"18":{"start":{"line":56,"column":6},"end":{"line":56,"column":63}},"19":{"start":{"line":58,"column":6},"end":{"line":58,"column":63}},"20":{"start":{"line":60,"column":6},"end":{"line":60,"column":63}},"21":{"start":{"line":62,"column":6},"end":{"line":62,"column":54}},"22":{"start":{"line":64,"column":6},"end":{"line":64,"column":57}},"23":{"start":{"line":66,"column":6},"end":{"line":66,"column":57}},"24":{"start":{"line":70,"column":27},"end":{"line":85,"column":1}},"25":{"start":{"line":71,"column":2},"end":{"line":84,"column":3}},"26":{"start":{"line":73,"column":6},"end":{"line":73,"column":24}},"27":{"start":{"line":75,"column":6},"end":{"line":75,"column":25}},"28":{"start":{"line":77,"column":6},"end":{"line":77,"column":23}},"29":{"start":{"line":79,"column":6},"end":{"line":79,"column":28}},"30":{"start":{"line":81,"column":6},"end":{"line":81,"column":25}},"31":{"start":{"line":83,"column":6},"end":{"line":83,"column":23}},"32":{"start":{"line":87,"column":30},"end":{"line":89,"column":1}},"33":{"start":{"line":88,"column":2},"end":{"line":88,"column":51}},"34":{"start":{"line":91,"column":33},"end":{"line":93,"column":1}},"35":{"start":{"line":92,"column":2},"end":{"line":92,"column":51}},"36":{"start":{"line":95,"column":33},"end":{"line":97,"column":1}},"37":{"start":{"line":96,"column":2},"end":{"line":96,"column":55}},"38":{"start":{"line":99,"column":32},"end":{"line":101,"column":1}},"39":{"start":{"line":100,"column":2},"end":{"line":100,"column":75}},"40":{"start":{"line":103,"column":36},"end":{"line":108,"column":1}},"41":{"start":{"line":104,"column":2},"end":{"line":104,"column":53}},"42":{"start":{"line":104,"column":37},"end":{"line":104,"column":53}},"43":{"start":{"line":105,"column":2},"end":{"line":105,"column":42}},"44":{"start":{"line":105,"column":25},"end":{"line":105,"column":42}},"45":{"start":{"line":106,"column":2},"end":{"line":106,"column":43}},"46":{"start":{"line":106,"column":26},"end":{"line":106,"column":43}},"47":{"start":{"line":107,"column":2},"end":{"line":107,"column":18}},"48":{"start":{"line":110,"column":29},"end":{"line":122,"column":1}},"49":{"start":{"line":111,"column":41},"end":{"line":111,"column":43}},"50":{"start":{"line":113,"column":2},"end":{"line":113,"column":50}},"51":{"start":{"line":113,"column":26},"end":{"line":113,"column":50}},"52":{"start":{"line":114,"column":2},"end":{"line":114,"column":50}},"53":{"start":{"line":114,"column":26},"end":{"line":114,"column":50}},"54":{"start":{"line":115,"column":2},"end":{"line":115,"column":48}},"55":{"start":{"line":115,"column":25},"end":{"line":115,"column":48}},"56":{"start":{"line":116,"column":2},"end":{"line":116,"column":52}},"57":{"start":{"line":116,"column":27},"end":{"line":116,"column":52}},"58":{"start":{"line":119,"column":2},"end":{"line":119,"column":61}},"59":{"start":{"line":119,"column":35},"end":{"line":119,"column":61}},"60":{"start":{"line":121,"column":2},"end":{"line":121,"column":14}},"61":{"start":{"line":124,"column":35},"end":{"line":139,"column":1}},"62":{"start":{"line":125,"column":2},"end":{"line":138,"column":3}},"63":{"start":{"line":127,"column":6},"end":{"line":127,"column":43}},"64":{"start":{"line":129,"column":6},"end":{"line":129,"column":39}},"65":{"start":{"line":131,"column":6},"end":{"line":131,"column":36}},"66":{"start":{"line":133,"column":6},"end":{"line":133,"column":35}},"67":{"start":{"line":135,"column":6},"end":{"line":135,"column":54}},"68":{"start":{"line":137,"column":6},"end":{"line":137,"column":29}},"69":{"start":{"line":141,"column":39},"end":{"line":156,"column":1}},"70":{"start":{"line":142,"column":2},"end":{"line":155,"column":3}},"71":{"start":{"line":144,"column":6},"end":{"line":144,"column":57}},"72":{"start":{"line":146,"column":6},"end":{"line":146,"column":48}},"73":{"start":{"line":148,"column":6},"end":{"line":148,"column":53}},"74":{"start":{"line":150,"column":6},"end":{"line":150,"column":36}},"75":{"start":{"line":152,"column":6},"end":{"line":152,"column":54}},"76":{"start":{"line":154,"column":6},"end":{"line":154,"column":16}}},"fnMap":{"0":{"name":"(anonymous_0)","decl":{"start":{"line":19,"column":29},"end":{"line":19,"column":30}},"loc":{"start":{"line":19,"column":61},"end":{"line":34,"column":1}}},"1":{"name":"(anonymous_1)","decl":{"start":{"line":36,"column":29},"end":{"line":36,"column":30}},"loc":{"start":{"line":36,"column":61},"end":{"line":51,"column":1}}},"2":{"name":"(anonymous_2)","decl":{"start":{"line":53,"column":27},"end":{"line":53,"column":28}},"loc":{"start":{"line":53,"column":62},"end":{"line":68,"column":1}}},"3":{"name":"(anonymous_3)","decl":{"start":{"line":70,"column":27},"end":{"line":70,"column":28}},"loc":{"start":{"line":70,"column":62},"end":{"line":85,"column":1}}},"4":{"name":"(anonymous_4)","decl":{"start":{"line":87,"column":30},"end":{"line":87,"column":31}},"loc":{"start":{"line":87,"column":63},"end":{"line":89,"column":1}}},"5":{"name":"(anonymous_5)","decl":{"start":{"line":91,"column":33},"end":{"line":91,"column":34}},"loc":{"start":{"line":91,"column":66},"end":{"line":93,"column":1}}},"6":{"name":"(anonymous_6)","decl":{"start":{"line":95,"column":33},"end":{"line":95,"column":34}},"loc":{"start":{"line":95,"column":66},"end":{"line":97,"column":1}}},"7":{"name":"(anonymous_7)","decl":{"start":{"line":99,"column":32},"end":{"line":99,"column":33}},"loc":{"start":{"line":99,"column":65},"end":{"line":101,"column":1}}},"8":{"name":"(anonymous_8)","decl":{"start":{"line":103,"column":36},"end":{"line":103,"column":37}},"loc":{"start":{"line":103,"column":99},"end":{"line":108,"column":1}}},"9":{"name":"(anonymous_9)","decl":{"start":{"line":110,"column":29},"end":{"line":110,"column":30}},"loc":{"start":{"line":110,"column":85},"end":{"line":122,"column":1}}},"10":{"name":"(anonymous_10)","decl":{"start":{"line":124,"column":35},"end":{"line":124,"column":36}},"loc":{"start":{"line":124,"column":67},"end":{"line":139,"column":1}}},"11":{"name":"(anonymous_11)","decl":{"start":{"line":141,"column":39},"end":{"line":141,"column":40}},"loc":{"start":{"line":141,"column":86},"end":{"line":156,"column":1}}}},"branchMap":{"0":{"loc":{"start":{"line":20,"column":2},"end":{"line":33,"column":3}},"type":"switch","locations":[{"start":{"line":21,"column":4},"end":{"line":22,"column":63}},{"start":{"line":23,"column":4},"end":{"line":24,"column":57}},{"start":{"line":25,"column":4},"end":{"line":26,"column":60}},{"start":{"line":27,"column":4},"end":{"line":28,"column":57}},{"start":{"line":29,"column":4},"end":{"line":30,"column":54}},{"start":{"line":31,"column":4},"end":{"line":32,"column":57}}]},"1":{"loc":{"start":{"line":37,"column":2},"end":{"line":50,"column":3}},"type":"switch","locations":[{"start":{"line":38,"column":4},"end":{"line":39,"column":21}},{"start":{"line":40,"column":4},"end":{"line":41,"column":30}},{"start":{"line":42,"column":4},"end":{"line":43,"column":25}},{"start":{"line":44,"column":4},"end":{"line":45,"column":24}},{"start":{"line":46,"column":4},"end":{"line":47,"column":24}},{"start":{"line":48,"column":4},"end":{"line":49,"column":23}}]},"2":{"loc":{"start":{"line":54,"column":2},"end":{"line":67,"column":3}},"type":"switch","locations":[{"start":{"line":55,"column":4},"end":{"line":56,"column":63}},{"start":{"line":57,"column":4},"end":{"line":58,"column":63}},{"start":{"line":59,"column":4},"end":{"line":60,"column":63}},{"start":{"line":61,"column":4},"end":{"line":62,"column":54}},{"start":{"line":63,"column":4},"end":{"line":64,"column":57}},{"start":{"line":65,"column":4},"end":{"line":66,"column":57}}]},"3":{"loc":{"start":{"line":71,"column":2},"end":{"line":84,"column":3}},"type":"switch","locations":[{"start":{"line":72,"column":4},"end":{"line":73,"column":24}},{"start":{"line":74,"column":4},"end":{"line":75,"column":25}},{"start":{"line":76,"column":4},"end":{"line":77,"column":23}},{"start":{"line":78,"column":4},"end":{"line":79,"column":28}},{"start":{"line":80,"column":4},"end":{"line":81,"column":25}},{"start":{"line":82,"column":4},"end":{"line":83,"column":23}}]},"4":{"loc":{"start":{"line":88,"column":9},"end":{"line":88,"column":50}},"type":"binary-expr","locations":[{"start":{"line":88,"column":9},"end":{"line":88,"column":26}},{"start":{"line":88,"column":30},"end":{"line":88,"column":50}}]},"5":{"loc":{"start":{"line":92,"column":9},"end":{"line":92,"column":50}},"type":"binary-expr","locations":[{"start":{"line":92,"column":9},"end":{"line":92,"column":26}},{"start":{"line":92,"column":30},"end":{"line":92,"column":50}}]},"6":{"loc":{"start":{"line":96,"column":9},"end":{"line":96,"column":54}},"type":"binary-expr","locations":[{"start":{"line":96,"column":9},"end":{"line":96,"column":30}},{"start":{"line":96,"column":34},"end":{"line":96,"column":54}}]},"7":{"loc":{"start":{"line":100,"column":9},"end":{"line":100,"column":74}},"type":"binary-expr","locations":[{"start":{"line":100,"column":9},"end":{"line":100,"column":26}},{"start":{"line":100,"column":30},"end":{"line":100,"column":50}},{"start":{"line":100,"column":54},"end":{"line":100,"column":74}}]},"8":{"loc":{"start":{"line":104,"column":2},"end":{"line":104,"column":53}},"type":"if","locations":[{"start":{"line":104,"column":2},"end":{"line":104,"column":53}},{"start":{},"end":{}}]},"9":{"loc":{"start":{"line":105,"column":2},"end":{"line":105,"column":42}},"type":"if","locations":[{"start":{"line":105,"column":2},"end":{"line":105,"column":42}},{"start":{},"end":{}}]},"10":{"loc":{"start":{"line":106,"column":2},"end":{"line":106,"column":43}},"type":"if","locations":[{"start":{"line":106,"column":2},"end":{"line":106,"column":43}},{"start":{},"end":{}}]},"11":{"loc":{"start":{"line":113,"column":2},"end":{"line":113,"column":50}},"type":"if","locations":[{"start":{"line":113,"column":2},"end":{"line":113,"column":50}},{"start":{},"end":{}}]},"12":{"loc":{"start":{"line":114,"column":2},"end":{"line":114,"column":50}},"type":"if","locations":[{"start":{"line":114,"column":2},"end":{"line":114,"column":50}},{"start":{},"end":{}}]},"13":{"loc":{"start":{"line":115,"column":2},"end":{"line":115,"column":48}},"type":"if","locations":[{"start":{"line":115,"column":2},"end":{"line":115,"column":48}},{"start":{},"end":{}}]},"14":{"loc":{"start":{"line":116,"column":2},"end":{"line":116,"column":52}},"type":"if","locations":[{"start":{"line":116,"column":2},"end":{"line":116,"column":52}},{"start":{},"end":{}}]},"15":{"loc":{"start":{"line":119,"column":2},"end":{"line":119,"column":61}},"type":"if","locations":[{"start":{"line":119,"column":2},"end":{"line":119,"column":61}},{"start":{},"end":{}}]},"16":{"loc":{"start":{"line":125,"column":2},"end":{"line":138,"column":3}},"type":"switch","locations":[{"start":{"line":126,"column":4},"end":{"line":127,"column":43}},{"start":{"line":128,"column":4},"end":{"line":129,"column":39}},{"start":{"line":130,"column":4},"end":{"line":131,"column":36}},{"start":{"line":132,"column":4},"end":{"line":133,"column":35}},{"start":{"line":134,"column":4},"end":{"line":135,"column":54}},{"start":{"line":136,"column":4},"end":{"line":137,"column":29}}]},"17":{"loc":{"start":{"line":142,"column":2},"end":{"line":155,"column":3}},"type":"switch","locations":[{"start":{"line":143,"column":4},"end":{"line":144,"column":57}},{"start":{"line":145,"column":4},"end":{"line":146,"column":48}},{"start":{"line":147,"column":4},"end":{"line":148,"column":53}},{"start":{"line":149,"column":4},"end":{"line":150,"column":36}},{"start":{"line":151,"column":4},"end":{"line":152,"column":54}},{"start":{"line":153,"column":4},"end":{"line":154,"column":16}}]}},"s":{"0":0,"1":0,"2":0,"3":0,"4":0,"5":0,"6":0,"7":0,"8":0,"9":0,"10":0,"11":0,"12":0,"13":0,"14":0,"15":0,"16":0,"17":0,"18":0,"19":0,"20":0,"21":0,"22":0,"23":0,"24":0,"25":0,"26":0,"27":0,"28":0,"29":0,"30":0,"31":0,"32":0,"33":0,"34":0,"35":0,"36":0,"37":0,"38":0,"39":0,"40":0,"41":0,"42":0,"43":0,"44":0,"45":0,"46":0,"47":0,"48":0,"49":0,"50":0,"51":0,"52":0,"53":0,"54":0,"55":0,"56":0,"57":0,"58":0,"59":0,"60":0,"61":0,"62":0,"63":0,"64":0,"65":0,"66":0,"67":0,"68":0,"69":0,"70":0,"71":0,"72":0,"73":0,"74":0,"75":0,"76":0},"f":{"0":0,"1":0,"2":0,"3":0,"4":0,"5":0,"6":0,"7":0,"8":0,"9":0,"10":0,"11":0},"b":{"0":[0,0,0,0,0,0],"1":[0,0,0,0,0,0],"2":[0,0,0,0,0,0],"3":[0,0,0,0,0,0],"4":[0,0],"5":[0,0],"6":[0,0],"7":[0,0,0],"8":[0,0],"9":[0,0],"10":[0,0],"11":[0,0],"12":[0,0],"13":[0,0],"14":[0,0],"15":[0,0],"16":[0,0,0,0,0,0],"17":[0,0,0,0,0,0]}}
,"/home/runner/workspace/client/src/lib/queryClient.ts": {"path":"/home/runner/workspace/client/src/lib/queryClient.ts","statementMap":{"0":{"start":{"line":4,"column":2},"end":{"line":7,"column":3}},"1":{"start":{"line":5,"column":17},"end":{"line":5,"column":53}},"2":{"start":{"line":6,"column":4},"end":{"line":6,"column":46}},"3":{"start":{"line":15,"column":14},"end":{"line":20,"column":4}},"4":{"start":{"line":22,"column":2},"end":{"line":22,"column":29}},"5":{"start":{"line":23,"column":2},"end":{"line":23,"column":26}},"6":{"start":{"line":30,"column":2},"end":{"line":42,"column":4}},"7":{"start":{"line":31,"column":2},"end":{"line":42,"column":4}},"8":{"start":{"line":31,"column":25},"end":{"line":42,"column":4}},"9":{"start":{"line":32,"column":16},"end":{"line":34,"column":6}},"10":{"start":{"line":36,"column":4},"end":{"line":38,"column":5}},"11":{"start":{"line":37,"column":6},"end":{"line":37,"column":18}},"12":{"start":{"line":40,"column":4},"end":{"line":40,"column":31}},"13":{"start":{"line":41,"column":4},"end":{"line":41,"column":28}},"14":{"start":{"line":44,"column":27},"end":{"line":57,"column":2}}},"fnMap":{"0":{"name":"throwIfResNotOk","decl":{"start":{"line":3,"column":15},"end":{"line":3,"column":30}},"loc":{"start":{"line":3,"column":44},"end":{"line":8,"column":null}}},"1":{"name":"apiRequest","decl":{"start":{"line":10,"column":22},"end":{"line":10,"column":32}},"loc":{"start":{"line":13,"column":28},"end":{"line":24,"column":null}}},"2":{"name":"(anonymous_11)","decl":{"start":{"line":30,"column":2},"end":{"line":30,"column":3}},"loc":{"start":{"line":31,"column":2},"end":{"line":42,"column":4}}},"3":{"name":"(anonymous_12)","decl":{"start":{"line":31,"column":2},"end":{"line":31,"column":9}},"loc":{"start":{"line":31,"column":25},"end":{"line":42,"column":4}}},"4":{"name":"(anonymous_13)","decl":{"start":{"line":31,"column":25},"end":{"line":31,"column":null}},"loc":{"start":{"line":31,"column":21},"end":{"line":42,"column":3}}}},"branchMap":{"0":{"loc":{"start":{"line":4,"column":2},"end":{"line":7,"column":3}},"type":"if","locations":[{"start":{"line":4,"column":2},"end":{"line":7,"column":3}},{"start":{},"end":{}}]},"1":{"loc":{"start":{"line":5,"column":17},"end":{"line":5,"column":53}},"type":"binary-expr","locations":[{"start":{"line":5,"column":18},"end":{"line":5,"column":34}},{"start":{"line":5,"column":39},"end":{"line":5,"column":53}}]},"2":{"loc":{"start":{"line":17,"column":13},"end":{"line":17,"column":63}},"type":"cond-expr","locations":[{"start":{"line":17,"column":20},"end":{"line":17,"column":58}},{"start":{"line":17,"column":61},"end":{"line":17,"column":63}}]},"3":{"loc":{"start":{"line":18,"column":10},"end":{"line":18,"column":49}},"type":"cond-expr","locations":[{"start":{"line":18,"column":17},"end":{"line":18,"column":37}},{"start":{"line":18,"column":40},"end":{"line":18,"column":49}}]},"4":{"loc":{"start":{"line":36,"column":4},"end":{"line":38,"column":5}},"type":"if","locations":[{"start":{"line":36,"column":4},"end":{"line":38,"column":5}},{"start":{},"end":{}}]},"5":{"loc":{"start":{"line":36,"column":8},"end":{"line":36,"column":67}},"type":"binary-expr","locations":[{"start":{"line":36,"column":8},"end":{"line":36,"column":45}},{"start":{"line":36,"column":49},"end":{"line":36,"column":67}}]}},"s":{"0":0,"1":0,"2":0,"3":0,"4":0,"5":0,"6":0,"7":0,"8":0,"9":0,"10":0,"11":0,"12":0,"13":0,"14":0},"f":{"0":0,"1":0,"2":0,"3":0,"4":0},"b":{"0":[0,0],"1":[0,0],"2":[0,0],"3":[0,0],"4":[0,0],"5":[0,0]}}
,"/home/runner/workspace/client/src/lib/utils.ts": {"path":"/home/runner/workspace/client/src/lib/utils.ts","statementMap":{"0":{"start":{"line":5,"column":2},"end":{"line":5,"column":null}}},"fnMap":{"0":{"name":"cn","decl":{"start":{"line":4,"column":16},"end":{"line":4,"column":18}},"loc":{"start":{"line":4,"column":42},"end":{"line":6,"column":1}}}},"branchMap":{},"s":{"0":0},"f":{"0":0},"b":{}}
,"/home/runner/workspace/client/src/lib/websocket-service.ts": {"path":"/home/runner/workspace/client/src/lib/websocket-service.ts","statementMap":{"0":{"start":{"line":15,"column":10},"end":{"line":15,"column":38}},"1":{"start":{"line":16,"column":10},"end":{"line":16,"column":107}},"2":{"start":{"line":17,"column":10},"end":{"line":17,"column":39}},"3":{"start":{"line":18,"column":10},"end":{"line":18,"column":68}},"4":{"start":{"line":19,"column":10},"end":{"line":19,"column":52}},"5":{"start":{"line":20,"column":10},"end":{"line":20,"column":46}},"6":{"start":{"line":21,"column":10},"end":{"line":21,"column":57}},"7":{"start":{"line":22,"column":10},"end":{"line":22,"column":58}},"8":{"start":{"line":25,"column":4},"end":{"line":27,"column":5}},"9":{"start":{"line":26,"column":6},"end":{"line":26,"column":13}},"10":{"start":{"line":29,"column":4},"end":{"line":29,"column":25}},"11":{"start":{"line":30,"column":4},"end":{"line":30,"column":41}},"12":{"start":{"line":32,"column":21},"end":{"line":32,"column":75}},"13":{"start":{"line":33,"column":18},"end":{"line":33,"column":59}},"14":{"start":{"line":35,"column":4},"end":{"line":35,"column":35}},"15":{"start":{"line":37,"column":4},"end":{"line":56,"column":6}},"16":{"start":{"line":38,"column":6},"end":{"line":40,"column":7}},"17":{"start":{"line":39,"column":8},"end":{"line":39,"column":43}},"18":{"start":{"line":41,"column":6},"end":{"line":41,"column":42}},"19":{"start":{"line":44,"column":6},"end":{"line":48,"column":10}},"20":{"start":{"line":51,"column":6},"end":{"line":55,"column":16}},"21":{"start":{"line":52,"column":8},"end":{"line":54,"column":9}},"22":{"start":{"line":53,"column":10},"end":{"line":53,"column":57}},"23":{"start":{"line":58,"column":4},"end":{"line":65,"column":6}},"24":{"start":{"line":59,"column":6},"end":{"line":64,"column":7}},"25":{"start":{"line":60,"column":41},"end":{"line":60,"column":63}},"26":{"start":{"line":61,"column":8},"end":{"line":61,"column":36}},"27":{"start":{"line":63,"column":8},"end":{"line":63,"column":65}},"28":{"start":{"line":67,"column":4},"end":{"line":86,"column":6}},"29":{"start":{"line":68,"column":6},"end":{"line":70,"column":7}},"30":{"start":{"line":69,"column":8},"end":{"line":69,"column":73}},"31":{"start":{"line":71,"column":6},"end":{"line":71,"column":45}},"32":{"start":{"line":72,"column":6},"end":{"line":72,"column":36}},"33":{"start":{"line":73,"column":6},"end":{"line":73,"column":47}},"34":{"start":{"line":75,"column":6},"end":{"line":78,"column":7}},"35":{"start":{"line":76,"column":8},"end":{"line":76,"column":46}},"36":{"start":{"line":77,"column":8},"end":{"line":77,"column":38}},"37":{"start":{"line":81,"column":6},"end":{"line":85,"column":7}},"38":{"start":{"line":82,"column":8},"end":{"line":84,"column":17}},"39":{"start":{"line":83,"column":10},"end":{"line":83,"column":37}},"40":{"start":{"line":88,"column":4},"end":{"line":90,"column":6}},"41":{"start":{"line":89,"column":6},"end":{"line":89,"column":47}},"42":{"start":{"line":94,"column":4},"end":{"line":97,"column":5}},"43":{"start":{"line":95,"column":6},"end":{"line":95,"column":42}},"44":{"start":{"line":96,"column":6},"end":{"line":96,"column":35}},"45":{"start":{"line":99,"column":4},"end":{"line":102,"column":5}},"46":{"start":{"line":100,"column":6},"end":{"line":100,"column":44}},"47":{"start":{"line":101,"column":6},"end":{"line":101,"column":36}},"48":{"start":{"line":104,"column":4},"end":{"line":107,"column":5}},"49":{"start":{"line":105,"column":6},"end":{"line":105,"column":47}},"50":{"start":{"line":106,"column":6},"end":{"line":106,"column":21}},"51":{"start":{"line":109,"column":4},"end":{"line":109,"column":43}},"52":{"start":{"line":110,"column":4},"end":{"line":110,"column":34}},"53":{"start":{"line":111,"column":4},"end":{"line":111,"column":45}},"54":{"start":{"line":115,"column":4},"end":{"line":150,"column":5}},"55":{"start":{"line":117,"column":8},"end":{"line":119,"column":9}},"56":{"start":{"line":118,"column":10},"end":{"line":118,"column":71}},"57":{"start":{"line":120,"column":8},"end":{"line":120,"column":14}},"58":{"start":{"line":123,"column":8},"end":{"line":125,"column":9}},"59":{"start":{"line":124,"column":10},"end":{"line":124,"column":51}},"60":{"start":{"line":126,"column":8},"end":{"line":126,"column":48}},"61":{"start":{"line":127,"column":8},"end":{"line":127,"column":14}},"62":{"start":{"line":130,"column":8},"end":{"line":132,"column":9}},"63":{"start":{"line":131,"column":10},"end":{"line":131,"column":53}},"64":{"start":{"line":133,"column":8},"end":{"line":133,"column":14}},"65":{"start":{"line":136,"column":8},"end":{"line":136,"column":48}},"66":{"start":{"line":137,"column":8},"end":{"line":137,"column":14}},"67":{"start":{"line":140,"column":8},"end":{"line":140,"column":47}},"68":{"start":{"line":141,"column":8},"end":{"line":141,"column":14}},"69":{"start":{"line":144,"column":8},"end":{"line":144,"column":48}},"70":{"start":{"line":145,"column":8},"end":{"line":145,"column":14}},"71":{"start":{"line":148,"column":8},"end":{"line":148,"column":48}},"72":{"start":{"line":149,"column":8},"end":{"line":149,"column":14}},"73":{"start":{"line":154,"column":4},"end":{"line":159,"column":5}},"74":{"start":{"line":155,"column":6},"end":{"line":158,"column":10}},"75":{"start":{"line":163,"column":4},"end":{"lin
[...]
,"column":21},"end":{"line":66,"column":72}},"18":{"start":{"line":67,"column":6},"end":{"line":70,"column":8}},"19":{"start":{"line":71,"column":19},"end":{"line":71,"column":63}},"20":{"start":{"line":72,"column":6},"end":{"line":72,"column":69}},"21":{"start":{"line":74,"column":6},"end":{"line":74,"column":40}},"22":{"start":{"line":75,"column":6},"end":{"line":75,"column":14}},"23":{"start":{"line":81,"column":19},"end":{"line":81,"column":52}},"24":{"start":{"line":83,"column":2},"end":{"line":87,"column":3}},"25":{"start":{"line":84,"column":4},"end":{"line":86,"column":6}},"26":{"start":{"line":89,"column":2},"end":{"line":89,"column":36}},"27":{"start":{"line":92,"column":2},"end":{"line":94,"column":5}},"28":{"start":{"line":93,"column":4},"end":{"line":93,"column":55}}},"fnMap":{"0":{"name":"log","decl":{"start":{"line":16,"column":16},"end":{"line":16,"column":19}},"loc":{"start":{"line":16,"column":55},"end":{"line":25,"column":1}}},"1":{"name":"setupVite","decl":{"start":{"line":27,"column":22},"end":{"line":27,"column":31}},"loc":{"start":{"line":27,"column":60},"end":{"line":78,"column":null}}},"2":{"name":"(anonymous_10)","decl":{"start":{"line":39,"column":13},"end":{"line":39,"column":14}},"loc":{"start":{"line":39,"column":30},"end":{"line":42,"column":7}}},"3":{"name":"(anonymous_11)","decl":{"start":{"line":49,"column":15},"end":{"line":49,"column":22}},"loc":{"start":{"line":49,"column":40},"end":{"line":77,"column":4}}},"4":{"name":"(anonymous_12)","decl":{"start":{"line":49,"column":40},"end":{"line":49,"column":null}},"loc":{"start":{"line":49,"column":40},"end":{"line":77,"column":3}}},"5":{"name":"serveStatic","decl":{"start":{"line":80,"column":16},"end":{"line":80,"column":27}},"loc":{"start":{"line":80,"column":40},"end":{"line":95,"column":1}}},"6":{"name":"(anonymous_14)","decl":{"start":{"line":92,"column":15},"end":{"line":92,"column":16}},"loc":{"start":{"line":92,"column":29},"end":{"line":94,"column":3}}}},"branchMap":{"0":{"loc":{"start":{"line":16,"column":37},"end":{"line":16,"column":55}},"type":"default-arg","locations":[{"start":{"line":16,"column":46},"end":{"line":16,"column":55}}]},"1":{"loc":{"start":{"line":53,"column":4},"end":{"line":55,"column":5}},"type":"if","locations":[{"start":{"line":53,"column":4},"end":{"line":55,"column":5}},{"start":{},"end":{}}]},"2":{"loc":{"start":{"line":83,"column":2},"end":{"line":87,"column":3}},"type":"if","locations":[{"start":{"line":83,"column":2},"end":{"line":87,"column":3}},{"start":{},"end":{}}]}},"s":{"0":0,"1":0,"2":0,"3":0,"4":0,"5":0,"6":0,"7":0,"8":0,"9":0,"10":0,"11":0,"12":0,"13":0,"14":0,"15":0,"16":0,"17":0,"18":0,"19":0,"20":0,"21":0,"22":0,"23":0,"24":0,"25":0,"26":0,"27":0,"28":0},"f":{"0":0,"1":0,"2":0,"3":0,"4":0,"5":0,"6":0},"b":{"0":[0],"1":[0,0],"2":[0,0]}}
,"/home/runner/workspace/shared/schema.ts": {"path":"/home/runner/workspace/shared/schema.ts","statementMap":{"0":{"start":{"line":19,"column":24},"end":{"line":26,"column":null}},"1":{"start":{"line":26,"column":13},"end":{"line":26,"column":59}},"2":{"start":{"line":30,"column":21},"end":{"line":59,"column":2}},"3":{"start":{"line":62,"column":24},"end":{"line":85,"column":2}},"4":{"start":{"line":64,"column":56},"end":{"line":64,"column":64}},"5":{"start":{"line":88,"column":24},"end":{"line":129,"column":2}},"6":{"start":{"line":90,"column":62},"end":{"line":90,"column":73}},"7":{"start":{"line":122,"column":54},"end":{"line":122,"column":62}},"8":{"start":{"line":132,"column":25},"end":{"line":139,"column":2}},"9":{"start":{"line":134,"column":56},"end":{"line":134,"column":64}},"10":{"start":{"line":135,"column":62},"end":{"line":135,"column":73}},"11":{"start":{"line":142,"column":22},"end":{"line":153,"column":2}},"12":{"start":{"line":144,"column":56},"end":{"line":144,"column":64}},"13":{"start":{"line":156,"column":26},"end":{"line":166,"column":2}},"14":{"start":{"line":158,"column":58},"end":{"line":158,"column":67}},"15":{"start":{"line":159,"column":62},"end":{"line":159,"column":73}},"16":{"start":{"line":160,"column":62},"end":{"line":160,"column":73}},"17":{"start":{"line":169,"column":29},"end":{"line":176,"column":3}},"18":{"start":{"line":169,"column":66},"end":{"line":176,"column":2}},"19":{"start":{"line":178,"column":32},"end":{"line":185,"column":3}},"20":{"start":{"line":178,"column":72},"end":{"line":185,"column":2}},"21":{"start":{"line":187,"column":32},"end":{"line":194,"column":3}},"22":{"start":{"line":187,"column":72},"end":{"line":194,"column":2}},"23":{"start":{"line":196,"column":33},"end":{"line":205,"column":3}},"24":{"start":{"line":196,"column":68},"end":{"line":205,"column":2}},"25":{"start":{"line":207,"column":30},"end":{"line":213,"column":3}},"26":{"start":{"line":207,"column":68},"end":{"line":213,"column":2}},"27":{"start":{"line":215,"column":34},"end":{"line":228,"column":3}},"28":{"start":{"line":215,"column":70},"end":{"line":228,"column":2}},"29":{"start":{"line":231,"column":31},"end":{"line":237,"column":2}},"30":{"start":{"line":239,"column":30},"end":{"line":247,"column":2}},"31":{"start":{"line":241,"column":50},"end":{"line":241,"column":61}},"32":{"start":{"line":242,"column":52},"end":{"line":242,"column":70}},"33":{"start":{"line":249,"column":33},"end":{"line":258,"column":2}},"34":{"start":{"line":251,"column":52},"end":{"line":251,"column":69}},"35":{"start":{"line":252,"column":46},"end":{"line":252,"column":54}},"36":{"start":{"line":261,"column":39},"end":{"line":263,"column":3}},"37":{"start":{"line":261,"column":81},"end":{"line":263,"column":2}},"38":{"start":{"line":265,"column":38},"end":{"line":275,"column":3}},"39":{"start":{"line":265,"column":84},"end":{"line":275,"column":2}},"40":{"start":{"line":277,"column":41},"end":{"line":286,"column":3}},"41":{"start":{"line":277,"column":84},"end":{"line":286,"column":2}},"42":{"start":{"line":289,"column":32},"end":{"line":289,"column":57}},"43":{"start":{"line":290,"column":35},"end":{"line":290,"column":63}},"44":{"start":{"line":291,"column":35},"end":{"line":297,"column":2}},"45":{"start":{"line":296,"column":62},"end":{"line":296,"column":73}},"46":{"start":{"line":298,"column":36},"end":{"line":301,"column":2}},"47":{"start":{"line":302,"column":33},"end":{"line":306,"column":2}},"48":{"start":{"line":308,"column":42},"end":{"line":311,"column":2}},"49":{"start":{"line":313,"column":41},"end":{"line":317,"column":2}},"50":{"start":{"line":319,"column":44},"end":{"line":322,"column":2}},"51":{"start":{"line":344,"column":23},"end":{"line":354,"column":2}},"52":{"start":{"line":357,"column":24},"end":{"line":362,"column":2}},"53":{"start":{"line":365,"column":29},"end":{"line":377,"column":2}},"54":{"start":{"line":380,"column":29},"end":{"line":390,"column":2}},"55":{"start":{"line":393,"column":35},"end":{"line":400,"column":2}},"56":{"start":{"line":403,"column":32},"end":{"line":408,"column":2}},"57":{"start":{"line":411,"column":31},"end":{"line":420,"column":3}},"58":{"start":{"line":411,"column":64},"end":{"line":420,"column":2}},"59":{"start":{"line":422,"column":33},"end":{"line":431,"column":3}},"60":{"start":{"line":422,"column":67},"end":{"line":431,"column":2}},"61":{"start":{"line":433,"column":37},"end":{"line":446,"column":3}},"62":{"start":{"line":433,"column":76},"end":{"line":446,"column":2}},"63":{"start":{"line":448,"column":38},"end":{"line":453,"column":3}},"64":{"start":{"line":448,"column":77},"end":{"line":453,"column":2}},"65":{"start":{"line":455,"column":43},"end":{"line":460,"column":3}},"66":{"start":{"line":455,"column":88},"end":{"line":460,"column":2}},"67":{"start":{"line":462,"column":40},"end":{"line":471,"column":3}},"68":{"start":{"line":462,"column":82},"end":{"line":471,"column":2}},"69":{"start":{"line":474,"column":34},"end":{"line":477,"column":2}},"70":{"start":{"line":478,"column":36},"end":{"line":481,"column":2}},"71":{"start":{"line":482,"column":40},"end":{"line":485,"column":2}},"72":{"start":{"line":487,"column":41},"end":{"line":491,"column":2}},"73":{"start":{"line":493,"column":46},"end":{"line":497,"column":2}},"74":{"start":{"line":499,"column":43},"end":{"line":502,"column":2}},"75":{"start":{"line":518,"column":27},"end":{"line":531,"column":2}},"76":{"start":{"line":520,"column":62},"end":{"line":520,"column":73}},"77":{"start":{"line":521,"column":58},"end":{"line":521,"column":67}},"78":{"start":{"line":522,"column":67},"end":{"line":522,"column":80}},"79":{"start":{"line":534,"column":31},"end":{"line":545,"column":2}},"80":{"start":{"line":536,"column":62},"end":{"line":536,"column":73}},"81":{"start":{"line":548,"column":25},"end":{"line":564,"column":2}},"82":{"start":{"line":550,"column":62},"end":{"line":550,"column":73}},"83":{"start":{"line":567,"column":27},"end":{"line":578,"column":2}},"84":{"start":{"line":569,"column":62},"end":{"line":569,"column":73}},"85":{"start":{"line":581,"column":24},"end":{"line":593,"column":2}},"86":{"start":{"line":583,"column":58},"end":{"line":583,"column":67}},"87":{"start":{"line":584,"column":62},"end":{"line":584,"column":73}},"88":{"start":{"line":585,"column":64},"end":{"line":585,"column":72}},"89":{"start":{"line":596,"column":35},"end":{"line":609,"column":3}},"90":{"start":{"line":596,"column":72},"end":{"line":609,"column":2}},"91":{"start":{"line":611,"column":40},"end":{"line":616,"column":3}},"92":{"start":{"line":611,"column":81},"end":{"line":616,"column":2}},"93":{"start":{"line":618,"column":33},"end":{"line":623,"column":3}},"94":{"start":{"line":618,"column":68},"end":{"line":623,"column":2}},"95":{"start":{"line":625,"column":35},"end":{"line":630,"column":3}},"96":{"start":{"line":625,"column":72},"end":{"line":630,"column":2}},"97":{"start":{"line":632,"column":32},"end":{"line":645,"column":3}},"98":{"start":{"line":632,"column":66},"end":{"line":645,"column":2}},"99":{"start":{"line":648,"column":38},"end":{"line":651,"column":2}},"100":{"start":{"line":652,"column":43},"end":{"line":655,"column":11}},"101":{"start":{"line":656,"column":36},"end":{"line":659,"column":2}},"102":{"start":{"line":660,"column":38},"end":{"line":664,"column":2}},"103":{"start":{"line":665,"column":35},"end":{"line":669,"column":2}},"104":{"start":{"line":683,"column":25},"end":{"line":704,"column":2}},"105":{"start":{"line":685,"column":66},"end":{"line":685,"column":74}},"106":{"start":{"line":697,"column":54},"end":{"line":697,"column":62}},"107":{"start":{"line":706,"column":33},"end":{"line":715,"column":3}},"108":{"start":{"line":706,"column":68},"end":{"line":715,"column":2}},"109":{"start":{"line":717,"column":36},"end":{"line":724,"column":2}}},"fnMap":{"0":{"name":"(anonymous_0)","decl":{"start":{"line":26,"column":2},"end":{"line":26,"column":3}},"loc":{"start":{"line":26,"column":13},"end":{"line":26,"column":59}}},"1":{"name":"(anonymous_1)","decl":{"start":{"line":64,"column":50},"end":{"line":64,"column":53}},"loc":{"start":{"line":64,"column":56},"end":{"line":64,"column":64}}},"2":{"name":"(anonymous_2)","decl":{"start":{"line":90,"column":56},"end":{"line":90,"column":59}},"loc":{"start":{"line":90,"column":62},"end":{"line":90,"column":73}}},"3":{"name":"(anonymous_3)","decl":{"start":{"line":122,"column":48},"end":{"line":122,"column":51}},"loc":{"start":{"line":122,"column":54},"end":{"line":122,"column":62}}},"4":{"name":"(anonymous_4)","decl":{"start":{"line":134,"column":50},"end":{"line":134,"column":53}},"loc":{"start":{"line":134,"column":56},"end":{"line":134,"column":64}}},"5":{"name":"(anonymous_5)","decl":{"start":{"line":135,"column":56},"end":{"line":135,"column":59}},"loc":{"start":{"line":135,"column":62},"end":{"line":135,"column":73}}},"6":{"name":"(anonymous_6)","decl":{"start":{"line":144,"column":50},"end":{"line":144,"column":53}},"loc":{"start":{"line":144,"column":56},"end":{"line":144,"column":64}}},"7":{"name":"(anonymous_7)","decl":{"start":{"line":158,"column":52},"end":{"line":158,"column":55}},"loc":{"start":{"line":158,"column":58},"end":{"line":158,"column":67}}},"8":{"name":"(anonymous_8)","decl":{"start":{"line":159,"column":56},"end":{"line":159,"column":59}},"loc":{"start":{"line":159,"column":62},"end":{"line":159,"column":73}}},"9":{"name":"(anonymous_9)","decl":{"start":{"line":160,"column":56},"end":{"line":160,"column":59}},"loc":{"start":{"line":160,"column":62},"end":{"line":160,"column":73}}},"10":{"name":"(anonymous_10)","decl":{"start":{"line":169,"column":46},"end":{"line":169,"column":47}},"loc":{"start":{"line":169,"column":66},"end":{"line":176,"column":2}}},"11":{"name":"(anonymous_11)","decl":{"start":{"line":178,"column":52},"end":{"line":178,"column":53}},"loc":{"start":{"line":178,"column":72},"end":{"line":185,"column":2}}},"12":{"name":"(anonymous_12)","decl":{"start":{"line":187,"column":52},"end":{"line":187,"column":53}},"loc":{"start":{"line":187,"column":72},"end":{"line":194,"column":2}}},"13":{"name":"(anonymous_13)","decl":{"start":{"line":196,"column":54},"end":{"line":196,"column":55}},"loc":{"start":{"line":196,"column":68},"end":{"line":205,"column":2}}},"14":{"name":"(anonymous_14)","decl":{"start":{"line":207,"column":48},"end":{"line":207,"column":49}},"loc":{"start":{"line":207,"column":68},"end":{"line":213,"column":2}}},"15":{"name":"(anonymous_15)","decl":{"start":{"line":215,"column":56},"end":{"line":215,"column":57}},"loc":{"start":{"line":215,"column":70},"end":{"line":228,"column":2}}},"16":{"name":"(anonymous_16)","decl":{"start":{"line":241,"column":44},"end":{"line":241,"column":47}},"loc":{"start":{"line":241,"column":50},"end":{"line":241,"column":61}}},"17":{"name":"(anonymous_17)","decl":{"start":{"line":242,"column":46},"end":{"line":242,"column":49}},"loc":{"start":{"line":242,"column":52},"end":{"line":242,"column":70}}},"18":{"name":"(anonymous_18)","decl":{"start":{"line":251,"column":46},"end":{"line":251,"column":49}},"loc":{"start":{"line":251,"column":52},"end":{"line":251,"column":69}}},"19":{"name":"(anonymous_19)","decl":{"start":{"line":252,"column":40},"end":{"line":252,"column":43}},"loc":{"start":{"line":252,"column":46},"end":{"line":252,"column":54}}},"20":{"name":"(anonymous_20)","decl":{"start":{"line":261,"column":66},"end":{"line":261,"column":67}},"loc":{"start":{"line":261,"column":81},"end":{"line":263,"column":2}}},"21":{"name":"(anonymous_21)","decl":{"start":{"line":265,"column":64},"end":{"line":265,"column":65}},"loc":{"start":{"line":265,"column":84},"end":{"line":275,"column":2}}},"22":{"name":"(anonymous_22)","decl":{"start":{"line":277,"column":70},"end":{"line":277,"column":71}},"loc":{"start":{"line":277,"column":84},"end":{"line":286,"column":2}}},"23":{"name":"(anonymous_23)","decl":{"start":{"line":296,"column":53},"end":{"line":296,"column":54}},"loc":{"start":{"line":296,"column":62},"end":{"line":296,"column":73}}},"24":{"name":"(anonymous_24)","decl":{"start":{"line":411,"column":50},"end":{"line":411,"column":51}},"loc":{"start":{"line":411,"column":64},"end":{"line":420,"column":2}}},"25":{"name":"(anonymous_25)","decl":{"start":{"line":422,"column":53},"end":{"line":422,"column":54}},"loc":{"start":{"line":422,"column":67},"end":{"line":431,"column":2}}},"26":{"name":"(anonymous_26)","decl":{"start":{"line":433,"column":62},"end":{"line":433,"column":63}},"loc":{"start":{"line":433,"column":76},"end":{"line":446,"column":2}}},"27":{"name":"(anonymous_27)","decl":{"start":{"line":448,"column":63},"end":{"line":448,"column":64}},"loc":{"start":{"line":448,"column":77},"end":{"line":453,"column":2}}},"28":{"name":"(anonymous_28)","decl":{"start":{"line":455,"column":74},"end":{"line":455,"column":75}},"loc":{"start":{"line":455,"column":88},"end":{"line":460,"column":2}}},"29":{"name":"(anonymous_29)","decl":{"start":{"line":462,"column":68},"end":{"line":462,"column":69}},"loc":{"start":{"line":462,"column":82},"end":{"line":471,"column":2}}},"30":{"name":"(anonymous_30)","decl":{"start":{"line":520,"column":56},"end":{"line":520,"column":59}},"loc":{"start":{"line":520,"column":62},"end":{"line":520,"column":73}}},"31":{"name":"(anonymous_31)","decl":{"start":{"line":521,"column":52},"end":{"line":521,"column":55}},"loc":{"start":{"line":521,"column":58},"end":{"line":521,"column":67}}},"32":{"name":"(anonymous_32)","decl":{"start":{"line":522,"column":61},"end":{"line":522,"column":64}},"loc":{"start":{"line":522,"column":67},"end":{"line":522,"column":80}}},"33":{"name":"(anonymous_33)","decl":{"start":{"line":536,"column":56},"end":{"line":536,"column":59}},"loc":{"start":{"line":536,"column":62},"end":{"line":536,"column":73}}},"34":{"name":"(anonymous_34)","decl":{"start":{"line":550,"column":56},"end":{"line":550,"column":59}},"loc":{"start":{"line":550,"column":62},"end":{"line":550,"column":73}}},"35":{"name":"(anonymous_35)","decl":{"start":{"line":569,"column":56},"end":{"line":569,"column":59}},"loc":{"start":{"line":569,"column":62},"end":{"line":569,"column":73}}},"36":{"name":"(anonymous_36)","decl":{"start":{"line":583,"column":52},"end":{"line":583,"column":55}},"loc":{"start":{"line":583,"column":58},"end":{"line":583,"column":67}}},"37":{"name":"(anonymous_37)","decl":{"start":{"line":584,"column":56},"end":{"line":584,"column":59}},"loc":{"start":{"line":584,"column":62},"end":{"line":584,"column":73}}},"38":{"name":"(anonymous_38)","decl":{"start":{"line":585,"column":58},"end":{"line":585,"column":61}},"loc":{"start":{"line":585,"column":64},"end":{"line":585,"column":72}}},"39":{"name":"(anonymous_39)","decl":{"start":{"line":596,"column":58},"end":{"line":596,"column":59}},"loc":{"start":{"line":596,"column":72},"end":{"line":609,"column":2}}},"40":{"name":"(anonymous_40)","decl":{"start":{"line":611,"column":67},"end":{"line":611,"column":68}},"loc":{"start":{"line":611,"column":81},"end":{"line":616,"column":2}}},"41":{"name":"(anonymous_41)","decl":{"start":{"line":618,"column":54},"end":{"line":618,"column":55}},"loc":{"start":{"line":618,"column":68},"end":{"line":623,"column":2}}},"42":{"name":"(anonymous_42)","decl":{"start":{"line":625,"column":58},"end":{"line":625,"column":59}},"loc":{"start":{"line":625,"column":72},"end":{"line":630,"column":2}}},"43":{"name":"(anonymous_43)","decl":{"start":{"line":632,"column":52},"end":{"line":632,"column":53}},"loc":{"start":{"line":632,"column":66},"end":{"line":645,"column":2}}},"44":{"name":"(anonymous_44)","decl":{"start":{"line":685,"column":60},"end":{"line":685,"column":63}},"loc":{"start":{"line":685,"column":66},"end":{"line":685,"column":74}}},"45":{"name":"(anonymous_45)","decl":{"start":{"line":697,"column":48},"end":{"line":697,"column":51}},"loc":{"start":{"line":697,"column":54},"end":{"line":697,"column":62}}},"46":{"name":"(anonymous_46)","decl":{"start":{"line":706,"column":54},"end":{"line":706,"column":55}},"loc":{"start":{"line":706,"column":68},"end":{"line":715,"column":2}}}},"branchMap":{},"s":{"0":0,"1":0,"2":0,"3":0,"4":0,"5":0,"6":0,"7":0,"8":0,"9":0,"10":0,"11":0,"12":0,"13":0,"14":0,"15":0,"16":0,"17":0,"18":0,"19":0,"20":0,"21":0,"22":0,"23":0,"24":0,"25":0,"26":0,"27":0,"28":0,"29":0,"30":0,"31":0,"32":0,"33":0,"34":0,"35":0,"36":0,"37":0,"38":0,"39":0,"40":0,"41":0,"42":0,"43":0,"44":0,"45":0,"46":0,"47":0,"48":0,"49":0,"50":0,"51":0,"52":0,"53":0,"54":0,"55":0,"56":0,"57":0,"58":0,"59":0,"60":0,"61":0,"62":0,"63":0,"64":0,"65":0,"66":0,"67":0,"68":0,"69":0,"70":0,"71":0,"72":0,"73":0,"74":0,"75":0,"76":0,"77":0,"78":0,"79":0,"80":0,"81":0,"82":0,"83":0,"84":0,"85":0,"86":0,"87":0,"88":0,"89":0,"90":0,"91":0,"92":0,"93":0,"94":0,"95":0,"96":0,"97":0,"98":0,"99":0,"100":0,"101":0,"102":0,"103":0,"104":0,"105":0,"106":0,"107":0,"108":0,"109":0},"f":{"0":0,"1":0,"2":0,"3":0,"4":0,"5":0,"6":0,"7":0,"8":0,"9":0,"10":0,"11":0,"12":0,"13":0,"14":0,"15":0,"16":0,"17":0,"18":0,"19":0,"20":0,"21":0,"22":0,"23":0,"24":0,"25":0,"26":0,"27":0,"28":0,"29":0,"30":0,"31":0,"32":0,"33":0,"34":0,"35":0,"36":0,"37":0,"38":0,"39":0,"40":0,"41":0,"42":0,"43":0,"44":0,"45":0,"46":0},"b":{}}
}
