TN:
SF:client/src/components/ui/aspect-ratio.tsx
FNF:0
FNH:0
DA:3,0
LF:1
LH:0
BRF:0
BRH:0
end_of_record
TN:
SF:client/src/components/ui/collapsible.tsx
FNF:0
FNH:0
DA:5,0
DA:7,0
DA:9,0
LF:3
LH:0
BRF:0
BRH:0
end_of_record
TN:
SF:client/src/hooks/use-mobile.tsx
FN:5,useIsMobile
FN:8,(anonymous_1)
FN:10,(anonymous_2)
FN:15,(anonymous_3)
FNF:4
FNH:0
FNDA:0,useIsMobile
FNDA:0,(anonymous_1)
FNDA:0,(anonymous_2)
FNDA:0,(anonymous_3)
DA:3,0
DA:6,0
DA:8,0
DA:9,0
DA:10,0
DA:11,0
DA:13,0
DA:14,0
DA:15,0
DA:18,0
LF:10
LH:0
BRF:0
BRH:0
end_of_record
TN:
SF:client/src/hooks/use-toast.ts
FN:27,genId
FN:58,(anonymous_2)
FN:63,(anonymous_3)
FN:74,(anonymous_4)
FN:85,(anonymous_5)
FN:98,(anonymous_6)
FN:105,(anonymous_7)
FN:124,(anonymous_8)
FN:133,dispatch
FN:135,(anonymous_10)
FN:142,toast
FN:145,(anonymous_12)
FN:150,(anonymous_13)
FN:158,(anonymous_14)
FN:171,useToast
FN:174,(anonymous_16)
FN:176,(anonymous_17)
FN:187,(anonymous_18)
FNF:18
FNH:0
FNDA:0,genId
FNDA:0,(anonymous_2)
FNDA:0,(anonymous_3)
FNDA:0,(anonymous_4)
FNDA:0,(anonymous_5)
FNDA:0,(anonymous_6)
FNDA:0,(anonymous_7)
FNDA:0,(anonymous_8)
FNDA:0,dispatch
FNDA:0,(anonymous_10)
FNDA:0,toast
FNDA:0,(anonymous_12)
FNDA:0,(anonymous_13)
FNDA:0,(anonymous_14)
FNDA:0,useToast
FNDA:0,(anonymous_16)
FNDA:0,(anonymous_17)
FNDA:0,(anonymous_18)
DA:8,0
DA:9,0
DA:18,0
DA:25,0
DA:28,0
DA:29,0
DA:56,0
DA:58,0
DA:59,0
DA:60,0
DA:63,0
DA:64,0
DA:65,0
DA:71,0
DA:74,0
DA:75,0
DA:77,0
DA:83,0
DA:86,0
DA:91,0
DA:95,0
DA:96,0
DA:98,0
DA:99,0
DA:103,0
DA:106,0
DA:116,0
DA:117,0
DA:122,0
DA:124,0
DA:129,0
DA:131,0
DA:134,0
DA:135,0
DA:136,0
DA:142,0
DA:143,0
DA:145,0
DA:146,0
DA:150,0
DA:152,0
DA:159,0
DA:164,0
DA:172,0
DA:174,0
DA:175,0
DA:176,0
DA:177,0
DA:178,0
DA:179,0
DA:184,0
DA:187,0
LF:52
LH:0
BRDA:59,0,0,0
BRDA:59,0,1,0
BRDA:75,1,0,0
BRDA:75,1,1,0
BRDA:75,1,2,0
BRDA:75,1,3,0
BRDA:86,2,0,0
BRDA:86,2,1,0
BRDA:95,3,0,0
BRDA:95,3,1,0
BRDA:106,4,0,0
BRDA:106,4,1,0
BRDA:106,5,0,0
BRDA:106,5,1,0
BRDA:116,6,0,0
BRDA:116,6,1,0
BRDA:159,7,0,0
BRDA:159,7,1,0
BRDA:178,8,0,0
BRDA:178,8,1,0
BRF:20
BRH:0
end_of_record
TN:
SF:client/src/hooks/useAuth.ts
FN:4,useAuth
FN:11,(anonymous_8)
FN:11,(anonymous_9)
FNF:3
FNH:0
FNDA:0,useAuth
FNDA:0,(anonymous_8)
FNDA:0,(anonymous_9)
DA:5,0
DA:11,0
DA:12,0
DA:13,0
DA:15,0
DA:17,0
DA:18,0
DA:20,0
DA:24,0
LF:9
LH:0
BRDA:13,0,0,0
BRDA:13,0,1,0
BRDA:17,1,0,0
BRDA:17,1,1,0
BRF:4
BRH:0
end_of_record
TN:
SF:client/src/hooks/useConfig.ts
FN:10,useConfig
FN:15,(anonymous_8)
FN:16,(anonymous_9)
FN:16,(anonymous_10)
FNF:4
FNH:0
FNDA:0,useConfig
FNDA:0,(anonymous_8)
FNDA:0,(anonymous_9)
FNDA:0,(anonymous_10)
DA:11,0
DA:12,0
DA:13,0
DA:15,0
DA:16,0
DA:17,0
DA:18,0
DA:19,0
DA:21,0
DA:22,0
DA:24,0
DA:25,0
DA:27,0
DA:31,0
DA:34,0
LF:15
LH:0
BRF:0
BRH:0
end_of_record
TN:
SF:client/src/hooks/useRealtimeTracking.ts
FN:22,useRealtimeTracking
FN:35,(anonymous_1)
FN:62,(anonymous_2)
FN:77,(anonymous_3)
FN:84,(anonymous_4)
FN:93,(anonymous_5)
FN:109,(anonymous_6)
FN:117,(anonymous_7)
FN:129,(anonymous_8)
FN:151,(anonymous_9)
FN:173,(anonymous_10)
FN:216,(anonymous_11)
FN:235,(anonymous_12)
FN:254,(anonymous_13)
FN:261,(anonymous_14)
FN:262,(anonymous_15)
FNF:16
FNH:0
FNDA:0,useRealtimeTracking
FNDA:0,(anonymous_1)
FNDA:0,(anonymous_2)
FNDA:0,(anonymous_3)
FNDA:0,(anonymous_4)
FNDA:0,(anonymous_5)
FNDA:0,(anonymous_6)
FNDA:0,(anonymous_7)
FNDA:0,(anonymous_8)
FNDA:0,(anonymous_9)
FNDA:0,(anonymous_10)
FNDA:0,(anonymous_11)
FNDA:0,(anonymous_12)
FNDA:0,(anonymous_13)
FNDA:0,(anonymous_14)
FNDA:0,(anonymous_15)
DA:23,0
DA:24,0
DA:25,0
DA:26,0
DA:27,0
DA:28,0
DA:29,0
DA:30,0
DA:31,0
DA:33,0
DA:35,0
DA:36,0
DA:37,0
DA:38,0
DA:41,0
DA:42,0
DA:45,0
DA:46,0
DA:47,0
DA:49,0
DA:51,0
DA:52,0
DA:53,0
DA:55,0
DA:56,0
DA:59,0
DA:60,0
DA:62,0
DA:63,0
DA:64,0
DA:66,0
DA:67,0
DA:70,0
DA:77,0
DA:78,0
DA:79,0
DA:84,0
DA:85,0
DA:86,0
DA:87,0
DA:89,0
DA:93,0
DA:94,0
DA:95,0
DA:97,0
DA:98,0
DA:99,0
DA:100,0
DA:102,0
DA:103,0
DA:104,0
DA:108,0
DA:109,0
DA:110,0
DA:111,0
DA:117,0
DA:118,0
DA:119,0
DA:123,0
DA:124,0
DA:125,0
DA:129,0
DA:130,0
DA:131,0
DA:132,0
DA:135,0
DA:136,0
DA:137,0
DA:140,0
DA:141,0
DA:142,0
DA:145,0
DA:146,0
DA:147,0
DA:148,0
DA:151,0
DA:152,0
DA:153,0
DA:155,0
DA:156,0
DA:158,0
DA:161,0
DA:162,0
DA:164,0
DA:165,0
DA:166,0
DA:169,0
DA:170,0
DA:172,0
DA:173,0
DA:175,0
DA:178,0
DA:179,0
DA:181,0
DA:182,0
DA:185,0
DA:186,0
DA:188,0
DA:189,0
DA:192,0
DA:193,0
DA:195,0
DA:196,0
DA:199,0
DA:200,0
DA:202,0
DA:203,0
DA:207,0
DA:210,0
DA:211,0
DA:216,0
DA:217,0
DA:218,0
DA:219,0
DA:220,0
DA:222,0
DA:225,0
DA:226,0
DA:229,0
DA:235,0
DA:236,0
DA:237,0
DA:238,0
DA:239,0
DA:241,0
DA:244,0
DA:245,0
DA:248,0
DA:254,0
DA:255,0
DA:256,0
DA:261,0
DA:262,0
DA:263,0
DA:267,0
LF:135
LH:0
BRDA:22,0,0,0
BRDA:33,1,0,0
BRDA:36,2,0,0
BRDA:36,2,1,0
BRDA:36,3,0,0
BRDA:36,3,1,0
BRDA:36,4,0,0
BRDA:36,4,1,0
BRDA:36,5,0,0
BRDA:36,5,1,0
BRDA:41,6,0,0
BRDA:41,6,1,0
BRDA:41,7,0,0
BRDA:41,7,1,0
BRDA:41,8,0,0
BRDA:41,8,1,0
BRDA:41,9,0,0
BRDA:41,9,1,0
BRDA:41,10,0,0
BRDA:41,10,1,0
BRDA:41,11,0,0
BRDA:41,11,1,0
BRDA:49,12,0,0
BRDA:49,12,1,0
BRDA:51,13,0,0
BRDA:51,13,1,0
BRDA:52,14,0,0
BRDA:52,14,1,0
BRDA:55,15,0,0
BRDA:55,15,1,0
BRDA:63,16,0,0
BRDA:63,16,1,0
BRDA:78,17,0,0
BRDA:78,17,1,0
BRDA:94,18,0,0
BRDA:94,18,1,0
BRDA:102,19,0,0
BRDA:102,19,1,0
BRDA:108,20,0,0
BRDA:108,20,1,0
BRDA:108,21,0,0
BRDA:108,21,1,0
BRDA:108,21,2,0
BRDA:110,22,0,0
BRDA:110,22,1,0
BRDA:127,23,0,0
BRDA:127,23,1,0
BRDA:127,24,0,0
BRDA:127,24,1,0
BRDA:130,25,0,0
BRDA:130,25,1,0
BRDA:135,26,0,0
BRDA:135,26,1,0
BRDA:140,27,0,0
BRDA:140,27,1,0
BRDA:152,28,0,0
BRDA:152,28,1,0
BRDA:153,29,0,0
BRDA:153,29,1,0
BRDA:153,29,2,0
BRDA:153,29,3,0
BRDA:153,29,4,0
BRDA:153,29,5,0
BRDA:153,29,6,0
BRDA:153,29,7,0
BRDA:153,29,8,0
BRDA:155,30,0,0
BRDA:155,30,1,0
BRDA:161,31,0,0
BRDA:161,31,1,0
BRDA:169,32,0,0
BRDA:169,32,1,0
BRDA:172,33,0,0
BRDA:172,33,1,0
BRDA:178,34,0,0
BRDA:178,34,1,0
BRDA:185,35,0,0
BRDA:185,35,1,0
BRDA:188,36,0,0
BRDA:188,36,1,0
BRDA:188,37,0,0
BRDA:188,37,1,0
BRDA:192,38,0,0
BRDA:192,38,1,0
BRDA:195,39,0,0
BRDA:195,39,1,0
BRDA:195,40,0,0
BRDA:195,40,1,0
BRDA:199,41,0,0
BRDA:199,41,1,0
BRDA:202,42,0,0
BRDA:202,42,1,0
BRDA:202,43,0,0
BRDA:202,43,1,0
BRDA:210,44,0,0
BRDA:210,44,1,0
BRDA:217,45,0,0
BRDA:217,45,1,0
BRDA:218,46,0,0
BRDA:218,46,1,0
BRDA:218,47,0,0
BRDA:218,47,1,0
BRDA:219,48,0,0
BRDA:219,48,1,0
BRDA:225,49,0,0
BRDA:225,49,1,0
BRDA:236,50,0,0
BRDA:236,50,1,0
BRDA:237,51,0,0
BRDA:237,51,1,0
BRDA:237,52,0,0
BRDA:237,52,1,0
BRDA:238,53,0,0
BRDA:238,53,1,0
BRDA:244,54,0,0
BRDA:244,54,1,0
BRDA:255,55,0,0
BRDA:255,55,1,0
BRDA:255,56,0,0
BRDA:255,56,1,0
BRDA:255,56,2,0
BRDA:255,56,3,0
BRDA:255,57,0,0
BRDA:255,57,1,0
BRDA:255,58,0,0
BRDA:255,58,1,0
BRDA:258,59,0,0
BRDA:258,59,1,0
BRDA:258,60,0,0
BRDA:258,60,1,0
BRF:130
BRH:0
end_of_record
TN:
SF:client/src/lib/authUtils.ts
FN:1,isUnauthorizedError
FNF:1
FNH:0
FNDA:0,isUnauthorizedError
DA:2,0
LF:1
LH:0
BRF:0
BRH:0
end_of_record
TN:
SF:client/src/lib/cache-utils.ts
FN:17,updateListAndItemCache
FN:30,(anonymous_1)
FN:40,(anonymous_2)
FN:57,removeFromListCache
FN:63,(anonymous_4)
FN:68,(anonymous_5)
FN:79,addToListCache
FN:86,(anonymous_7)
FN:102,updateCartItemCache
FN:107,(anonymous_9)
FN:112,(anonymous_10)
FN:125,updateNotificationCache
FN:130,(anonymous_12)
FN:135,(anonymous_13)
FN:148,updateReviewCache
FN:156,(anonymous_15)
FN:161,(anonymous_16)
FN:174,updateCachedData
FNF:18
FNH:0
FNDA:0,updateListAndItemCache
FNDA:0,(anonymous_1)
FNDA:0,(anonymous_2)
FNDA:0,removeFromListCache
FNDA:0,(anonymous_4)
FNDA:0,(anonymous_5)
FNDA:0,addToListCache
FNDA:0,(anonymous_7)
FNDA:0,updateCartItemCache
FNDA:0,(anonymous_9)
FNDA:0,(anonymous_10)
FNDA:0,updateNotificationCache
FNDA:0,(anonymous_12)
FNDA:0,(anonymous_13)
FNDA:0,updateReviewCache
FNDA:0,(anonymous_15)
FNDA:0,(anonymous_16)
FNDA:0,updateCachedData
DA:22,0
DA:25,0
DA:26,0
DA:30,0
DA:31,0
DA:32,0
DA:35,0
DA:36,0
DA:40,0
DA:41,0
DA:48,0
DA:49,0
DA:50,0
DA:61,0
DA:63,0
DA:64,0
DA:65,0
DA:68,0
DA:69,0
DA:73,0
DA:84,0
DA:86,0
DA:87,0
DA:88,0
DA:91,0
DA:96,0
DA:107,0
DA:108,0
DA:109,0
DA:112,0
DA:113,0
DA:119,0
DA:130,0
DA:131,0
DA:132,0
DA:135,0
DA:136,0
DA:142,0
DA:154,0
DA:156,0
DA:157,0
DA:158,0
DA:161,0
DA:162,0
DA:168,0
DA:175,0
LF:46
LH:0
BRDA:25,0,0,0
BRDA:25,0,1,0
BRDA:25,1,0,0
BRDA:25,1,1,0
BRDA:31,2,0,0
BRDA:31,2,1,0
BRDA:31,3,0,0
BRDA:31,3,1,0
BRDA:31,3,2,0
BRDA:35,4,0,0
BRDA:35,4,1,0
BRDA:41,5,0,0
BRDA:41,5,1,0
BRDA:41,6,0,0
BRDA:41,6,1,0
BRDA:49,7,0,0
BRDA:49,7,1,0
BRDA:64,8,0,0
BRDA:64,8,1,0
BRDA:64,9,0,0
BRDA:64,9,1,0
BRDA:69,10,0,0
BRDA:69,10,1,0
BRDA:82,11,0,0
BRDA:87,12,0,0
BRDA:87,12,1,0
BRDA:87,13,0,0
BRDA:87,13,1,0
BRDA:91,14,0,0
BRDA:91,14,1,0
BRDA:108,15,0,0
BRDA:108,15,1,0
BRDA:108,16,0,0
BRDA:108,16,1,0
BRDA:113,17,0,0
BRDA:113,17,1,0
BRDA:128,18,0,0
BRDA:131,19,0,0
BRDA:131,19,1,0
BRDA:131,20,0,0
BRDA:131,20,1,0
BRDA:136,21,0,0
BRDA:136,21,1,0
BRDA:157,22,0,0
BRDA:157,22,1,0
BRDA:157,23,0,0
BRDA:157,23,1,0
BRDA:162,24,0,0
BRDA:162,24,1,0
BRF:49
BRH:0
end_of_record
TN:
SF:client/src/lib/product-state.ts
FN:19,(anonymous_0)
FN:36,(anonymous_1)
FN:53,(anonymous_2)
FN:70,(anonymous_3)
FN:87,(anonymous_4)
FN:91,(anonymous_5)
FN:95,(anonymous_6)
FN:99,(anonymous_7)
FN:103,(anonymous_8)
FN:110,(anonymous_9)
FN:124,(anonymous_10)
FN:141,(anonymous_11)
FNF:12
FNH:0
FNDA:0,(anonymous_0)
FNDA:0,(anonymous_1)
FNDA:0,(anonymous_2)
FNDA:0,(anonymous_3)
FNDA:0,(anonymous_4)
FNDA:0,(anonymous_5)
FNDA:0,(anonymous_6)
FNDA:0,(anonymous_7)
FNDA:0,(anonymous_8)
FNDA:0,(anonymous_9)
FNDA:0,(anonymous_10)
FNDA:0,(anonymous_11)
DA:19,0
DA:20,0
DA:22,0
DA:24,0
DA:26,0
DA:28,0
DA:30,0
DA:32,0
DA:36,0
DA:37,0
DA:39,0
DA:41,0
DA:43,0
DA:45,0
DA:47,0
DA:49,0
DA:53,0
DA:54,0
DA:56,0
DA:58,0
DA:60,0
DA:62,0
DA:64,0
DA:66,0
DA:70,0
DA:71,0
DA:73,0
DA:75,0
DA:77,0
DA:79,0
DA:81,0
DA:83,0
DA:87,0
DA:88,0
DA:91,0
DA:92,0
DA:95,0
DA:96,0
DA:99,0
DA:100,0
DA:103,0
DA:104,0
DA:105,0
DA:106,0
DA:107,0
DA:110,0
DA:111,0
DA:113,0
DA:114,0
DA:115,0
DA:116,0
DA:119,0
DA:121,0
DA:124,0
DA:125,0
DA:127,0
DA:129,0
DA:131,0
DA:133,0
DA:135,0
DA:137,0
DA:141,0
DA:142,0
DA:144,0
DA:146,0
DA:148,0
DA:150,0
DA:152,0
DA:154,0
LF:69
LH:0
BRDA:20,0,0,0
BRDA:20,0,1,0
BRDA:20,0,2,0
BRDA:20,0,3,0
BRDA:20,0,4,0
BRDA:20,0,5,0
BRDA:37,1,0,0
BRDA:37,1,1,0
BRDA:37,1,2,0
BRDA:37,1,3,0
BRDA:37,1,4,0
BRDA:37,1,5,0
BRDA:54,2,0,0
BRDA:54,2,1,0
BRDA:54,2,2,0
BRDA:54,2,3,0
BRDA:54,2,4,0
BRDA:54,2,5,0
BRDA:71,3,0,0
BRDA:71,3,1,0
BRDA:71,3,2,0
BRDA:71,3,3,0
BRDA:71,3,4,0
BRDA:71,3,5,0
BRDA:88,4,0,0
BRDA:88,4,1,0
BRDA:92,5,0,0
BRDA:92,5,1,0
BRDA:96,6,0,0
BRDA:96,6,1,0
BRDA:100,7,0,0
BRDA:100,7,1,0
BRDA:100,7,2,0
BRDA:104,8,0,0
BRDA:104,8,1,0
BRDA:105,9,0,0
BRDA:105,9,1,0
BRDA:106,10,0,0
BRDA:106,10,1,0
BRDA:113,11,0,0
BRDA:113,11,1,0
BRDA:114,12,0,0
BRDA:114,12,1,0
BRDA:115,13,0,0
BRDA:115,13,1,0
BRDA:116,14,0,0
BRDA:116,14,1,0
BRDA:119,15,0,0
BRDA:119,15,1,0
BRDA:125,16,0,0
BRDA:125,16,1,0
BRDA:125,16,2,0
BRDA:125,16,3,0
BRDA:125,16,4,0
BRDA:125,16,5,0
BRDA:142,17,0,0
BRDA:142,17,1,0
BRDA:142,17,2,0
BRDA:142,17,3,0
BRDA:142,17,4,0
BRDA:142,17,5,0
BRF:61
BRH:0
end_of_record
TN:
SF:client/src/lib/queryClient.ts
FN:3,throwIfResNotOk
FN:10,apiRequest
FN:30,(anonymous_11)
FN:31,(anonymous_12)
FN:31,(anonymous_13)
FNF:5
FNH:0
FNDA:0,throwIfResNotOk
FNDA:0,apiRequest
FNDA:0,(anonymous_11)
FNDA:0,(anonymous_12)
FNDA:0,(anonymous_13)
DA:4,0
DA:5,0
DA:6,0
DA:15,0
DA:22,0
DA:23,0
DA:30,0
DA:31,0
DA:32,0
DA:36,0
DA:37,0
DA:40,0
DA:41,0
DA:44,0
LF:14
LH:0
BRDA:4,0,0,0
BRDA:4,0,1,0
BRDA:5,1,0,0
BRDA:5,1,1,0
BRDA:17,2,0,0
BRDA:17,2,1,0
BRDA:18,3,0,0
BRDA:18,3,1,0
BRDA:36,4,0,0
BRDA:36,4,1,0
BRDA:36,5,0,0
BRDA:36,5,1,0
BRF:12
BRH:0
end_of_record
TN:
SF:client/src/lib/utils.ts
FN:4,cn
FNF:1
FNH:0
FNDA:0,cn
DA:5,0
LF:1
LH:0
BRF:0
BRH:0
end_of_record
TN:
SF:client/src/lib/websocket-service.ts
FN:14,(anonymous_0)
FN:24,(anonymous_1)
FN:37,(anonymous_2)
FN:51,(anonymous_3)
FN:58,(anonymous_4)
FN:67,(anonymous_5)
FN:82,(anonymous_6)
FN:88,(anonymous_7)
FN:93,(anonymous_8)
FN:114,(anonymous_9)
FN:153,(anonymous_10)
FN:162,(anonymous_11)
FN:170,(anonymous_12)
FN:177,(anonymous_13)
FN:181,(anonymous_14)
FN:182,(anonymous_15)
FN:185,(anonymous_16)
FN:189,(anonymous_17)
FNF:18
FNH:0
FNDA:0,(anonymous_0)
FNDA:0,(anonymous_1)
FNDA:0,(anonymous_2)
FNDA:0,(anonymous_3)
FNDA:0,(anonymous_4)
FNDA:0,(anonymous_5)
FNDA:0,(anonymous_6)
FNDA:0,(anonymous_7)
FNDA:0,(anonymous_8)
FNDA:0,(anonymous_9)
FNDA:0,(anonymous_10)
FNDA:0,(anonymous_11)
FNDA:0,(anonymous_12)
FNDA:0,(anonymous_13)
FNDA:0,(anonymous_14)
FNDA:0,(anonymous_15)
FNDA:0,(anonymous_16)
FNDA:0,(anonymous_17)
DA:15,0
DA:16,0
DA:17,0
DA:18,0
DA:19,0
DA:20,0
DA:21,0
DA:22,0
DA:25,0
DA:26,0
DA:29,0
DA:30,0
DA:32,0
DA:33,0
DA:35,0
DA:37,0
DA:38,0
DA:39,0
DA:41,0
DA:44,0
DA:51,0
DA:52,0
DA:53,0
DA:58,0
DA:59,0
DA:60,0
DA:61,0
DA:63,0
DA:67,0
DA:68,0
DA:69,0
DA:71,0
DA:72,0
DA:73,0
DA:75,0
DA:76,0
DA:77,0
DA:81,0
DA:82,0
DA:83,0
DA:88,0
DA:89,0
DA:94,0
DA:95,0
DA:96,0
DA:99,0
DA:100,0
DA:101,0
DA:104,0
DA:105,0
DA:106,0
DA:109,0
DA:110,0
DA:111,0
DA:115,0
DA:117,0
DA:118,0
DA:120,0
DA:123,0
DA:124,0
DA:126,0
DA:127,0
DA:130,0
DA:131,0
DA:133,0
DA:136,0
DA:137,0
DA:140,0
DA:141,0
DA:144,0
DA:145,0
DA:148,0
DA:149,0
DA:154,0
DA:155,0
DA:163,0
DA:164,0
DA:171,0
DA:172,0
DA:174,0
DA:178,0
DA:182,0
DA:186,0
DA:190,0
DA:194,0
LF:85
LH:0
BRDA:25,0,0,0
BRDA:25,0,1,0
BRDA:25,1,0,0
BRDA:25,1,1,0
BRDA:25,2,0,0
BRDA:25,2,1,0
BRDA:25,3,0,0
BRDA:25,3,1,0
BRDA:25,4,0,0
BRDA:25,4,1,0
BRDA:25,5,0,0
BRDA:25,5,1,0
BRDA:32,6,0,0
BRDA:32,6,1,0
BRDA:38,7,0,0
BRDA:38,7,1,0
BRDA:44,8,0,0
BRDA:44,8,1,0
BRDA:44,9,0,0
BRDA:44,9,1,0
BRDA:52,10,0,0
BRDA:52,10,1,0
BRDA:52,11,0,0
BRDA:52,11,1,0
BRDA:52,12,0,0
BRDA:52,12,1,0
BRDA:68,13,0,0
BRDA:68,13,1,0
BRDA:75,14,0,0
BRDA:75,14,1,0
BRDA:81,15,0,0
BRDA:81,15,1,0
BRDA:81,16,0,0
BRDA:81,16,1,0
BRDA:94,17,0,0
BRDA:94,17,1,0
BRDA:99,18,0,0
BRDA:99,18,1,0
BRDA:104,19,0,0
BRDA:104,19,1,0
BRDA:115,20,0,0
BRDA:115,20,1,0
BRDA:115,20,2,0
BRDA:115,20,3,0
BRDA:115,20,4,0
BRDA:115,20,5,0
BRDA:115,20,6,0
BRDA:117,21,0,0
BRDA:117,21,1,0
BRDA:123,22,0,0
BRDA:123,22,1,0
BRDA:130,23,0,0
BRDA:130,23,1,0
BRDA:154,24,0,0
BRDA:154,24,1,0
BRDA:154,25,0,0
BRDA:154,25,1,0
BRDA:154,26,0,0
BRDA:154,26,1,0
BRDA:154,27,0,0
BRDA:154,27,1,0
BRDA:163,28,0,0
BRDA:163,28,1,0
BRDA:163,29,0,0
BRDA:163,29,1,0
BRDA:163,30,0,0
BRDA:163,30,1,0
BRDA:163,31,0,0
BRDA:163,31,1,0
BRDA:171,32,0,0
BRDA:171,32,1,0
BRDA:178,33,0,0
BRDA:178,33,1,0
BRDA:178,34,0,0
BRDA:178,34,1,0
BRDA:182,35,0,0
BRDA:182,35,1,0
BRDA:182,36,0,0
BRDA:182,36,1,0
BRF:79
BRH:0
end_of_record
TN:
SF:server/db.ts
FN:11,getDb
FN:26,getPool
FNF:2
FNH:0
FNDA:0,getDb
FNDA:0,getPool
DA:6,0
DA:8,0
DA:9,0
DA:12,0
DA:13,0
DA:14,0
DA:19,0
DA:20,0
DA:23,0
DA:27,0
DA:28,0
DA:30,0
LF:12
LH:0
BRDA:12,0,0,0
BRDA:12,0,1,0
BRDA:13,1,0,0
BRDA:13,1,1,0
BRDA:27,2,0,0
BRDA:27,2,1,0
BRF:6
BRH:0
end_of_record
TN:
SF:server/dev-server.ts
FN:21,(anonymous_7)
FN:30,(anonymous_8)
FN:36,(anonymous_9)
FN:41,(anonymous_10)
FN:60,(anonymous_11)
FN:60,(anonymous_12)
FN:79,(anonymous_13)
FN:100,(anonymous_14)
FNF:8
FNH:0
FNDA:0,(anonymous_7)
FNDA:0,(anonymous_8)
FNDA:0,(anonymous_9)
FNDA:0,(anonymous_10)
FNDA:0,(anonymous_11)
FNDA:0,(anonymous_12)
FNDA:0,(anonymous_13)
FNDA:0,(anonymous_14)
DA:2,0
DA:3,0
DA:4,0
DA:12,0
DA:15,0
DA:17,0
DA:18,0
DA:21,0
DA:22,0
DA:30,0
DA:31,0
DA:32,0
DA:33,0
DA:35,0
DA:36,0
DA:37,0
DA:38,0
DA:41,0
DA:42,0
DA:43,0
DA:44,0
DA:45,0
DA:46,0
DA:49,0
DA:50,0
DA:53,0
DA:57,0
DA:60,0
DA:61,0
DA:63,0
DA:64,0
DA:67,0
DA:69,0
DA:70,0
DA:71,0
DA:72,0
DA:75,0
DA:77,0
DA:79,0
DA:80,0
DA:81,0
DA:83,0
DA:84,0
DA:85,0
DA:89,0
DA:92,0
DA:95,0
DA:96,0
DA:101,0
DA:102,0
DA:105,0
DA:106,0
LF:52
LH:0
BRDA:2,0,0,0
BRDA:2,0,1,0
BRDA:3,1,0,0
BRDA:3,1,1,0
BRDA:26,2,0,0
BRDA:26,2,1,0
BRDA:43,3,0,0
BRDA:43,3,1,0
BRDA:45,4,0,0
BRDA:45,4,1,0
BRDA:49,5,0,0
BRDA:49,5,1,0
BRDA:63,6,0,0
BRDA:63,6,1,0
BRDA:64,7,0,0
BRDA:64,7,1,0
BRDA:80,8,0,0
BRDA:80,8,1,0
BRDA:80,8,2,0
BRDA:81,9,0,0
BRDA:81,9,1,0
BRDA:92,10,0,0
BRDA:92,10,1,0
BRF:23
BRH:0
end_of_record
TN:
SF:server/index.ts
FN:25,(anonymous_7)
FN:34,(anonymous_8)
FN:40,(anonymous_9)
FN:45,(anonymous_10)
FN:64,(anonymous_11)
FN:64,(anonymous_12)
FN:79,(anonymous_13)
FN:96,(anonymous_14)
FN:123,(anonymous_15)
FNF:9
FNH:0
FNDA:0,(anonymous_7)
FNDA:0,(anonymous_8)
FNDA:0,(anonymous_9)
FNDA:0,(anonymous_10)
FNDA:0,(anonymous_11)
FNDA:0,(anonymous_12)
FNDA:0,(anonymous_13)
FNDA:0,(anonymous_14)
FNDA:0,(anonymous_15)
DA:10,0
DA:11,0
DA:13,0
DA:16,0
DA:19,0
DA:21,0
DA:22,0
DA:25,0
DA:26,0
DA:34,0
DA:35,0
DA:36,0
DA:37,0
DA:39,0
DA:40,0
DA:41,0
DA:42,0
DA:45,0
DA:46,0
DA:47,0
DA:48,0
DA:49,0
DA:50,0
DA:53,0
DA:54,0
DA:57,0
DA:61,0
DA:64,0
DA:65,0
DA:66,0
DA:67,0
DA:68,0
DA:71,0
DA:73,0
DA:76,0
DA:77,0
DA:79,0
DA:80,0
DA:81,0
DA:83,0
DA:84,0
DA:85,0
DA:89,0
DA:91,0
DA:92,0
DA:93,0
DA:96,0
DA:98,0
DA:99,0
DA:102,0
DA:103,0
DA:105,0
DA:106,0
DA:108,0
DA:109,0
DA:113,0
DA:114,0
DA:119,0
DA:120,0
DA:124,0
DA:127,0
DA:128,0
LF:62
LH:0
BRDA:30,0,0,0
BRDA:30,0,1,0
BRDA:47,1,0,0
BRDA:47,1,1,0
BRDA:49,2,0,0
BRDA:49,2,1,0
BRDA:53,3,0,0
BRDA:53,3,1,0
BRDA:68,4,0,0
BRDA:68,4,1,0
BRDA:76,5,0,0
BRDA:76,5,1,0
BRDA:80,6,0,0
BRDA:80,6,1,0
BRDA:80,6,2,0
BRDA:81,7,0,0
BRDA:81,7,1,0
BRDA:91,8,0,0
BRDA:91,8,1,0
BRDA:98,9,0,0
BRDA:98,9,1,0
BRDA:98,10,0,0
BRDA:98,10,1,0
BRDA:105,11,0,0
BRDA:105,11,1,0
BRF:25
BRH:0
end_of_record
TN:
SF:server/medusa-bridge.ts
FN:8,(anonymous_7)
FN:13,(anonymous_8)
FN:55,(anonymous_10)
FN:65,(anonymous_11)
FN:82,(anonymous_13)
FN:86,(anonymous_14)
FN:96,(anonymous_15)
FN:108,(anonymous_16)
FN:110,(anonymous_17)
FN:110,(anonymous_18)
FN:121,(anonymous_19)
FN:121,(anonymous_20)
FN:142,(anonymous_21)
FN:142,(anonymous_22)
FNF:14
FNH:0
FNDA:0,(anonymous_7)
FNDA:0,(anonymous_8)
FNDA:0,(anonymous_10)
FNDA:0,(anonymous_11)
FNDA:0,(anonymous_13)
FNDA:0,(anonymous_14)
FNDA:0,(anonymous_15)
FNDA:0,(anonymous_16)
FNDA:0,(anonymous_17)
FNDA:0,(anonymous_18)
FNDA:0,(anonymous_19)
FNDA:0,(anonymous_20)
FNDA:0,(anonymous_21)
FNDA:0,(anonymous_22)
DA:9,0
DA:14,0
DA:15,0
DA:17,0
DA:18,0
DA:20,0
DA:55,0
DA:58,0
DA:61,0
DA:66,0
DA:68,0
DA:69,0
DA:82,0
DA:86,0
DA:90,0
DA:93,0
DA:97,0
DA:104,0
DA:110,0
DA:111,0
DA:112,0
DA:113,0
DA:115,0
DA:116,0
DA:121,0
DA:122,0
DA:123,0
DA:125,0
DA:126,0
DA:129,0
DA:130,0
DA:134,0
DA:136,0
DA:137,0
DA:142,0
DA:143,0
DA:144,0
DA:145,0
DA:147,0
DA:148,0
LF:40
LH:0
BRDA:24,0,0,0
BRDA:24,0,1,0
BRDA:47,1,0,0
BRDA:47,1,1,0
BRDA:47,2,0,0
BRDA:47,2,1,0
BRDA:47,3,0,0
BRDA:47,3,1,0
BRDA:55,4,0,0
BRDA:55,4,1,0
BRDA:83,5,0,0
BRDA:83,5,1,0
BRDA:86,6,0,0
BRDA:86,6,1,0
BRDA:86,7,0,0
BRDA:86,7,1,0
BRDA:86,8,0,0
BRDA:86,8,1,0
BRDA:86,9,0,0
BRDA:86,9,1,0
BRDA:86,10,0,0
BRDA:86,10,1,0
BRDA:104,11,0,0
BRDA:104,11,1,0
BRDA:125,12,0,0
BRDA:125,12,1,0
BRF:26
BRH:0
end_of_record
TN:
SF:server/security.ts
FN:16,(anonymous_7)
FN:161,(anonymous_8)
FN:166,(anonymous_9)
FN:176,setupSecurity
FN:207,(anonymous_11)
FN:213,(anonymous_12)
FN:241,enhancedAuthCheck
FN:256,(anonymous_14)
FN:266,requireRole
FN:267,(anonymous_16)
FN:267,(anonymous_17)
FN:301,requireWhitelistedIP
FN:302,(anonymous_19)
FNF:13
FNH:0
FNDA:0,(anonymous_7)
FNDA:0,(anonymous_8)
FNDA:0,(anonymous_9)
FNDA:0,setupSecurity
FNDA:0,(anonymous_11)
FNDA:0,(anonymous_12)
FNDA:0,enhancedAuthCheck
FNDA:0,(anonymous_14)
FNDA:0,requireRole
FNDA:0,(anonymous_16)
FNDA:0,(anonymous_17)
FNDA:0,requireWhitelistedIP
FNDA:0,(anonymous_19)
DA:8,0
DA:18,0
DA:22,0
DA:31,0
DA:39,0
DA:48,0
DA:82,0
DA:111,0
DA:121,0
DA:142,0
DA:148,0
DA:161,0
DA:162,0
DA:163,0
DA:164,0
DA:166,0
DA:172,0
DA:178,0
DA:202,0
DA:205,0
DA:208,0
DA:213,0
DA:215,0
DA:218,0
DA:219,0
DA:220,0
DA:222,0
DA:227,0
DA:242,0
DA:244,0
DA:245,0
DA:247,0
DA:251,0
DA:252,0
DA:254,0
DA:255,0
DA:256,0
DA:257,0
DA:259,0
DA:262,0
DA:267,0
DA:268,0
DA:269,0
DA:272,0
DA:273,0
DA:275,0
DA:277,0
DA:278,0
DA:279,0
DA:280,0
DA:281,0
DA:282,0
DA:287,0
DA:289,0
DA:292,0
DA:294,0
DA:295,0
DA:302,0
DA:303,0
DA:305,0
DA:306,0
DA:307,0
DA:310,0
LF:63
LH:0
BRDA:18,0,0,0
BRDA:18,0,1,0
BRDA:24,1,0,0
BRDA:24,1,1,0
BRDA:163,2,0,0
BRDA:163,2,1,0
BRDA:167,3,0,0
BRDA:167,3,1,0
BRDA:191,4,0,0
BRDA:191,4,1,0
BRDA:242,5,0,0
BRDA:242,5,1,0
BRDA:244,6,0,0
BRDA:244,6,1,0
BRDA:252,7,0,0
BRDA:252,7,1,0
BRDA:252,7,2,0
BRDA:252,8,0,0
BRDA:252,8,1,0
BRDA:252,9,0,0
BRDA:252,9,1,0
BRDA:252,10,0,0
BRDA:252,10,1,0
BRDA:252,11,0,0
BRDA:252,11,1,0
BRDA:252,12,0,0
BRDA:252,12,1,0
BRDA:252,13,0,0
BRDA:252,13,1,0
BRDA:252,14,0,0
BRDA:252,14,1,0
BRDA:252,15,0,0
BRDA:252,15,1,0
BRDA:254,16,0,0
BRDA:254,16,1,0
BRDA:257,17,0,0
BRDA:257,17,1,0
BRDA:268,18,0,0
BRDA:268,18,1,0
BRDA:277,19,0,0
BRDA:277,19,1,0
BRDA:281,20,0,0
BRDA:281,20,1,0
BRDA:281,21,0,0
BRDA:281,21,1,0
BRDA:281,22,0,0
BRDA:281,22,1,0
BRDA:281,23,0,0
BRDA:281,23,1,0
BRDA:287,24,0,0
BRDA:287,24,1,0
BRDA:303,25,0,0
BRDA:303,25,1,0
BRDA:303,25,2,0
BRDA:305,26,0,0
BRDA:305,26,1,0
BRF:56
BRH:0
end_of_record
TN:
SF:server/storage.ts
FN:186,(anonymous_7)
FN:191,(anonymous_9)
FN:196,(anonymous_11)
FN:211,(anonymous_13)
FN:223,(anonymous_15)
FN:240,(anonymous_17)
FN:252,(anonymous_19)
FN:260,(anonymous_21)
FN:268,(anonymous_23)
FN:273,(anonymous_25)
FN:294,(anonymous_27)
FN:302,(anonymous_29)
FN:309,(anonymous_31)
FN:318,(anonymous_33)
FN:326,(anonymous_35)
FN:354,(anonymous_37)
FN:358,(anonymous_39)
FN:367,(anonymous_41)
FN:371,(anonymous_43)
FN:376,(anonymous_45)
FN:381,(anonymous_47)
FN:386,(anonymous_49)
FN:394,(anonymous_51)
FN:402,(anonymous_53)
FN:409,(anonymous_55)
FN:417,(anonymous_57)
FN:425,(anonymous_59)
FN:449,(anonymous_61)
FN:457,(anonymous_63)
FN:465,(anonymous_65)
FN:487,(anonymous_67)
FN:494,(anonymous_69)
FN:502,(anonymous_71)
FN:510,(anonymous_73)
FN:517,(anonymous_75)
FN:524,(anonymous_77)
FN:531,(anonymous_79)
FN:539,(anonymous_81)
FN:547,(anonymous_83)
FN:555,(anonymous_85)
FN:563,(anonymous_87)
FN:585,(anonymous_89)
FN:598,(anonymous_91)
FN:606,(anonymous_93)
FN:614,(anonymous_95)
FN:623,(anonymous_97)
FN:627,(anonymous_99)
FN:635,(anonymous_101)
FN:643,(anonymous_103)
FN:651,(anonymous_105)
FN:664,(anonymous_107)
FN:672,(anonymous_109)
FN:680,(anonymous_111)
FN:688,(anonymous_113)
FN:704,(anonymous_115)
FN:712,(anonymous_117)
FN:720,(anonymous_119)
FN:730,(anonymous_121)
FN:738,(anonymous_123)
FN:746,(anonymous_125)
FN:753,(anonymous_127)
FN:760,(anonymous_129)
FN:765,(anonymous_131)
FN:773,(anonymous_133)
FN:773,(anonymous_134)
FN:830,(anonymous_135)
FN:836,(anonymous_136)
FN:883,(anonymous_138)
FN:909,(anonymous_140)
FN:924,(anonymous_142)
FN:935,(anonymous_144)
FN:961,(anonymous_146)
FN:977,(anonymous_148)
FN:997,(anonymous_150)
FN:1002,(anonymous_152)
FN:1007,(anonymous_154)
FN:1015,(anonymous_156)
FN:1030,(anonymous_158)
FN:1037,(anonymous_160)
FN:1049,(anonymous_161)
FN:1057,(anonymous_163)
FN:1066,(anonymous_165)
FN:1074,(anonymous_167)
FN:1096,(anonymous_169)
FN:1123,(anonymous_171)
FN:1130,(anonymous_173)
FN:1160,(anonymous_175)
FN:1173,(anonymous_177)
FN:1188,(anonymous_179)
FN:1204,(anonymous_181)
FN:1221,(anonymous_183)
FN:1222,(anonymous_184)
FNF:92
FNH:0
FNDA:0,(anonymous_7)
FNDA:0,(anonymous_9)
FNDA:0,(anonymous_11)
FNDA:0,(anonymous_13)
FNDA:0,(anonymous_15)
FNDA:0,(anonymous_17)
FNDA:0,(anonymous_19)
FNDA:0,(anonymous_21)
FNDA:0,(anonymous_23)
FNDA:0,(anonymous_25)
FNDA:0,(anonymous_27)
FNDA:0,(anonymous_29)
FNDA:0,(anonymous_31)
FNDA:0,(anonymous_33)
FNDA:0,(anonymous_35)
FNDA:0,(anonymous_37)
FNDA:0,(anonymous_39)
FNDA:0,(anonymous_41)
FNDA:0,(anonymous_43)
FNDA:0,(anonymous_45)
FNDA:0,(anonymous_47)
FNDA:0,(anonymous_49)
FNDA:0,(anonymous_51)
FNDA:0,(anonymous_53)
FNDA:0,(anonymous_55)
FNDA:0,(anonymous_57)
FNDA:0,(anonymous_59)
FNDA:0,(anonymous_61)
FNDA:0,(anonymous_63)
FNDA:0,(anonymous_65)
FNDA:0,(anonymous_67)
FNDA:0,(anonymous_69)
FNDA:0,(anonymous_71)
FNDA:0,(anonymous_73)
FNDA:0,(anonymous_75)
FNDA:0,(anonymous_77)
FNDA:0,(anonymous_79)
FNDA:0,(anonymous_81)
FNDA:0,(anonymous_83)
FNDA:0,(anonymous_85)
FNDA:0,(anonymous_87)
FNDA:0,(anonymous_89)
FNDA:0,(anonymous_91)
FNDA:0,(anonymous_93)
FNDA:0,(anonymous_95)
FNDA:0,(anonymous_97)
FNDA:0,(anonymous_99)
FNDA:0,(anonymous_101)
FNDA:0,(anonymous_103)
FNDA:0,(anonymous_105)
FNDA:0,(anonymous_107)
FNDA:0,(anonymous_109)
FNDA:0,(anonymous_111)
FNDA:0,(anonymous_113)
FNDA:0,(anonymous_115)
FNDA:0,(anonymous_117)
FNDA:0,(anonymous_119)
FNDA:0,(anonymous_121)
FNDA:0,(anonymous_123)
FNDA:0,(anonymous_125)
FNDA:0,(anonymous_127)
FNDA:0,(anonymous_129)
FNDA:0,(anonymous_131)
FNDA:0,(anonymous_133)
FNDA:0,(anonymous_134)
FNDA:0,(anonymous_135)
FNDA:0,(anonymous_136)
FNDA:0,(anonymous_138)
FNDA:0,(anonymous_140)
FNDA:0,(anonymous_142)
FNDA:0,(anonymous_144)
FNDA:0,(anonymous_146)
FNDA:0,(anonymous_148)
FNDA:0,(anonymous_150)
FNDA:0,(anonymous_152)
FNDA:0,(anonymous_154)
FNDA:0,(anonymous_156)
FNDA:0,(anonymous_158)
FNDA:0,(anonymous_160)
FNDA:0,(anonymous_161)
FNDA:0,(anonymous_163)
FNDA:0,(anonymous_165)
FNDA:0,(anonymous_167)
FNDA:0,(anonymous_169)
FNDA:0,(anonymous_171)
FNDA:0,(anonymous_173)
FNDA:0,(anonymous_175)
FNDA:0,(anonymous_177)
FNDA:0,(anonymous_179)
FNDA:0,(anonymous_181)
FNDA:0,(anonymous_183)
FNDA:0,(anonymous_184)
DA:187,0
DA:188,0
DA:192,0
DA:193,0
DA:197,0
DA:208,0
DA:212,0
DA:220,0
DA:224,0
DA:236,0
DA:241,0
DA:244,0
DA:249,0
DA:253,0
DA:257,0
DA:261,0
DA:269,0
DA:270,0
DA:274,0
DA:276,0
DA:277,0
DA:278,0
DA:280,0
DA:281,0
DA:283,0
DA:284,0
DA:286,0
DA:287,0
DA:291,0
DA:295,0
DA:299,0
DA:303,0
DA:310,0
DA:315,0
DA:319,0
DA:328,0
DA:339,0
DA:341,0
DA:346,0
DA:349,0
DA:350,0
DA:355,0
DA:359,0
DA:364,0
DA:368,0
DA:372,0
DA:377,0
DA:378,0
DA:382,0
DA:383,0
DA:387,0
DA:395,0
DA:403,0
DA:410,0
DA:418,0
DA:422,0
DA:426,0
DA:450,0
DA:458,0
DA:462,0
DA:466,0
DA:488,0
DA:495,0
DA:499,0
DA:503,0
DA:511,0
DA:518,0
DA:525,0
DA:532,0
DA:536,0
DA:540,0
DA:548,0
DA:556,0
DA:560,0
DA:564,0
DA:565,0
DA:578,0
DA:586,0
DA:599,0
DA:603,0
DA:607,0
DA:615,0
DA:620,0
DA:624,0
DA:628,0
DA:636,0
DA:640,0
DA:644,0
DA:652,0
DA:653,0
DA:654,0
DA:657,0
DA:665,0
DA:669,0
DA:673,0
DA:681,0
DA:689,0
DA:690,0
DA:691,0
DA:693,0
DA:694,0
DA:697,0
DA:705,0
DA:709,0
DA:713,0
DA:721,0
DA:726,0
DA:731,0
DA:735,0
DA:739,0
DA:747,0
DA:754,0
DA:761,0
DA:762,0
DA:766,0
DA:773,0
DA:774,0
DA:778,0
DA:780,0
DA:781,0
DA:783,0
DA:784,0
DA:786,0
DA:787,0
DA:789,0
DA:790,0
DA:792,0
DA:793,0
DA:795,0
DA:796,0
DA:798,0
DA:799,0
DA:801,0
DA:805,0
DA:830,0
DA:838,0
DA:848,0
DA:858,0
DA:859,0
DA:863,0
DA:870,0
DA:884,0
DA:892,0
DA:895,0
DA:896,0
DA:900,0
DA:901,0
DA:903,0
DA:905,0
DA:910,0
DA:911,0
DA:912,0
DA:916,0
DA:917,0
DA:919,0
DA:920,0
DA:925,0
DA:936,0
DA:958,0
DA:962,0
DA:973,0
DA:979,0
DA:982,0
DA:983,0
DA:985,0
DA:994,0
DA:998,0
DA:999,0
DA:1003,0
DA:1004,0
DA:1008,0
DA:1016,0
DA:1027,0
DA:1031,0
DA:1039,0
DA:1040,0
DA:1041,0
DA:1042,0
DA:1045,0
DA:1050,0
DA:1058,0
DA:1062,0
DA:1067,0
DA:1071,0
DA:1075,0
DA:1097,0
DA:1119,0
DA:1124,0
DA:1131,0
DA:1161,0
DA:1170,0
DA:1174,0
DA:1189,0
DA:1206,0
DA:1213,0
DA:1220,0
DA:1221,0
DA:1222,0
DA:1224,0
DA:1228,0
LF:200
LH:0
BRDA:228,0,0,0
BRDA:228,0,1,0
BRDA:276,1,0,0
BRDA:276,1,1,0
BRDA:277,2,0,0
BRDA:277,2,1,0
BRDA:280,3,0,0
BRDA:280,3,1,0
BRDA:283,4,0,0
BRDA:283,4,1,0
BRDA:286,5,0,0
BRDA:286,5,1,0
BRDA:335,6,0,0
BRDA:335,6,1,0
BRDA:339,7,0,0
BRDA:339,7,1,0
BRDA:343,8,0,0
BRDA:343,8,1,0
BRDA:564,9,0,0
BRDA:564,9,1,0
BRDA:564,10,0,0
BRDA:564,10,1,0
BRDA:653,11,0,0
BRDA:653,11,1,0
BRDA:653,12,0,0
BRDA:653,12,1,0
BRDA:690,13,0,0
BRDA:690,13,1,0
BRDA:693,14,0,0
BRDA:693,14,1,0
BRDA:693,15,0,0
BRDA:693,15,1,0
BRDA:773,16,0,0
BRDA:778,17,0,0
BRDA:778,17,1,0
BRDA:778,17,2,0
BRDA:778,17,3,0
BRDA:778,17,4,0
BRDA:778,17,5,0
BRDA:778,17,6,0
BRDA:778,17,7,0
BRDA:858,18,0,0
BRDA:858,18,1,0
BRDA:859,19,0,0
BRDA:859,19,1,0
BRDA:892,20,0,0
BRDA:892,20,1,0
BRDA:895,21,0,0
BRDA:895,21,1,0
BRDA:895,22,0,0
BRDA:895,22,1,0
BRDA:896,23,0,0
BRDA:896,23,1,0
BRDA:896,24,0,0
BRDA:896,24,1,0
BRDA:1045,25,0,0
BRDA:1045,25,1,0
BRDA:1045,26,0,0
BRDA:1045,26,1,0
BRDA:1045,27,0,0
BRDA:1045,27,1,0
BRF:61
BRH:0
end_of_record
TN:
SF:server/vite.ts
FN:16,log
FN:27,setupVite
FN:39,(anonymous_10)
FN:49,(anonymous_11)
FN:49,(anonymous_12)
FN:80,serveStatic
FN:92,(anonymous_14)
FNF:7
FNH:0
FNDA:0,log
FNDA:0,setupVite
FNDA:0,(anonymous_10)
FNDA:0,(anonymous_11)
FNDA:0,(anonymous_12)
FNDA:0,serveStatic
FNDA:0,(anonymous_14)
DA:11,0
DA:12,0
DA:14,0
DA:17,0
DA:24,0
DA:28,0
DA:34,0
DA:40,0
DA:41,0
DA:48,0
DA:49,0
DA:50,0
DA:53,0
DA:54,0
DA:57,0
DA:58,0
DA:66,0
DA:67,0
DA:71,0
DA:72,0
DA:74,0
DA:75,0
DA:81,0
DA:83,0
DA:84,0
DA:89,0
DA:92,0
DA:93,0
LF:28
LH:0
BRDA:16,0,0,0
BRDA:53,1,0,0
BRDA:53,1,1,0
BRDA:83,2,0,0
BRDA:83,2,1,0
BRF:5
BRH:0
end_of_record
TN:
SF:shared/schema.ts
FN:26,(anonymous_0)
FN:64,(anonymous_1)
FN:90,(anonymous_2)
FN:122,(anonymous_3)
FN:134,(anonymous_4)
FN:135,(anonymous_5)
FN:144,(anonymous_6)
FN:158,(anonymous_7)
FN:159,(anonymous_8)
FN:160,(anonymous_9)
FN:169,(anonymous_10)
FN:178,(anonymous_11)
FN:187,(anonymous_12)
FN:196,(anonymous_13)
FN:207,(anonymous_14)
FN:215,(anonymous_15)
FN:241,(anonymous_16)
FN:242,(anonymous_17)
FN:251,(anonymous_18)
FN:252,(anonymous_19)
FN:261,(anonymous_20)
FN:265,(anonymous_21)
FN:277,(anonymous_22)
FN:296,(anonymous_23)
FN:411,(anonymous_24)
FN:422,(anonymous_25)
FN:433,(anonymous_26)
FN:448,(anonymous_27)
FN:455,(anonymous_28)
FN:462,(anonymous_29)
FN:520,(anonymous_30)
FN:521,(anonymous_31)
FN:522,(anonymous_32)
FN:536,(anonymous_33)
FN:550,(anonymous_34)
FN:569,(anonymous_35)
FN:583,(anonymous_36)
FN:584,(anonymous_37)
FN:585,(anonymous_38)
FN:596,(anonymous_39)
FN:611,(anonymous_40)
FN:618,(anonymous_41)
FN:625,(anonymous_42)
FN:632,(anonymous_43)
FN:685,(anonymous_44)
FN:697,(anonymous_45)
FN:706,(anonymous_46)
FNF:47
FNH:0
FNDA:0,(anonymous_0)
FNDA:0,(anonymous_1)
FNDA:0,(anonymous_2)
FNDA:0,(anonymous_3)
FNDA:0,(anonymous_4)
FNDA:0,(anonymous_5)
FNDA:0,(anonymous_6)
FNDA:0,(anonymous_7)
FNDA:0,(anonymous_8)
FNDA:0,(anonymous_9)
FNDA:0,(anonymous_10)
FNDA:0,(anonymous_11)
FNDA:0,(anonymous_12)
FNDA:0,(anonymous_13)
FNDA:0,(anonymous_14)
FNDA:0,(anonymous_15)
FNDA:0,(anonymous_16)
FNDA:0,(anonymous_17)
FNDA:0,(anonymous_18)
FNDA:0,(anonymous_19)
FNDA:0,(anonymous_20)
FNDA:0,(anonymous_21)
FNDA:0,(anonymous_22)
FNDA:0,(anonymous_23)
FNDA:0,(anonymous_24)
FNDA:0,(anonymous_25)
FNDA:0,(anonymous_26)
FNDA:0,(anonymous_27)
FNDA:0,(anonymous_28)
FNDA:0,(anonymous_29)
FNDA:0,(anonymous_30)
FNDA:0,(anonymous_31)
FNDA:0,(anonymous_32)
FNDA:0,(anonymous_33)
FNDA:0,(anonymous_34)
FNDA:0,(anonymous_35)
FNDA:0,(anonymous_36)
FNDA:0,(anonymous_37)
FNDA:0,(anonymous_38)
FNDA:0,(anonymous_39)
FNDA:0,(anonymous_40)
FNDA:0,(anonymous_41)
FNDA:0,(anonymous_42)
FNDA:0,(anonymous_43)
FNDA:0,(anonymous_44)
FNDA:0,(anonymous_45)
FNDA:0,(anonymous_46)
DA:19,0
DA:26,0
DA:30,0
DA:62,0
DA:64,0
DA:88,0
DA:90,0
DA:122,0
DA:132,0
DA:134,0
DA:135,0
DA:142,0
DA:144,0
DA:156,0
DA:158,0
DA:159,0
DA:160,0
DA:169,0
DA:178,0
DA:187,0
DA:196,0
DA:207,0
DA:215,0
DA:231,0
DA:239,0
DA:241,0
DA:242,0
DA:249,0
DA:251,0
DA:252,0
DA:261,0
DA:265,0
DA:277,0
DA:289,0
DA:290,0
DA:291,0
DA:296,0
DA:298,0
DA:302,0
DA:308,0
DA:313,0
DA:319,0
DA:344,0
DA:357,0
DA:365,0
DA:380,0
DA:393,0
DA:403,0
DA:411,0
DA:422,0
DA:433,0
DA:448,0
DA:455,0
DA:462,0
DA:474,0
DA:478,0
DA:482,0
DA:487,0
DA:493,0
DA:499,0
DA:518,0
DA:520,0
DA:521,0
DA:522,0
DA:534,0
DA:536,0
DA:548,0
DA:550,0
DA:567,0
DA:569,0
DA:581,0
DA:583,0
DA:584,0
DA:585,0
DA:596,0
DA:611,0
DA:618,0
DA:625,0
DA:632,0
DA:648,0
DA:652,0
DA:656,0
DA:660,0
DA:665,0
DA:683,0
DA:685,0
DA:697,0
DA:706,0
DA:717,0
LF:89
LH:0
BRF:0
BRH:0
end_of_record
